2023-02-26 01:48:35.855-0400 [main]  INFO 41415 --- [a.s.c.CurrencyConverterApplicationKt    ] : Starting CurrencyConverterApplicationKt using Java 17.0.5 on ale-Satellite-M645 with PID 41415 (/home/ale/Documents/Arquitectura de Sofware/currency-converter/target/classes started by ale in /home/ale/Documents/Arquitectura de Sofware/currency-converter)
2023-02-26 01:48:35.867-0400 [main]  INFO 41415 --- [a.s.c.CurrencyConverterApplicationKt    ] : No active profile set, falling back to 1 default profile: "default"
2023-02-26 01:48:39.450-0400 [main]  INFO 41415 --- [.s.d.r.c.RepositoryConfigurationDelegate] : Bootstrapping Spring Data JPA repositories in DEFAULT mode.
2023-02-26 01:48:39.503-0400 [main]  INFO 41415 --- [.s.d.r.c.RepositoryConfigurationDelegate] : Finished Spring Data repository scanning in 24 ms. Found 0 JPA repository interfaces.
2023-02-26 01:48:41.175-0400 [main]  INFO 41415 --- [o.s.b.w.embedded.tomcat.TomcatWebServer ] : Tomcat initialized with port(s): 8008 (http)
2023-02-26 01:48:41.193-0400 [main]  INFO 41415 --- [o.apache.catalina.core.StandardService  ] : Starting service [Tomcat]
2023-02-26 01:48:41.194-0400 [main]  INFO 41415 --- [org.apache.catalina.core.StandardEngine ] : Starting Servlet engine: [Apache Tomcat/9.0.71]
2023-02-26 01:48:41.556-0400 [main]  INFO 41415 --- [o.a.c.c.C.[Tomcat].[localhost].[/]      ] : Initializing Spring embedded WebApplicationContext
2023-02-26 01:48:41.557-0400 [main]  INFO 41415 --- [w.s.c.ServletWebServerApplicationContext] : Root WebApplicationContext: initialization completed in 5452 ms
2023-02-26 01:48:41.778-0400 [main]  WARN 41415 --- [ConfigServletWebServerApplicationContext] : Exception encountered during context initialization - cancelling refresh attempt: org.springframework.beans.factory.UnsatisfiedDependencyException: Error creating bean with name 'dataSourceScriptDatabaseInitializer' defined in class path resource [org/springframework/boot/autoconfigure/sql/init/DataSourceInitializationConfiguration.class]: Unsatisfied dependency expressed through method 'dataSourceScriptDatabaseInitializer' parameter 0; nested exception is org.springframework.beans.factory.BeanCreationException: Error creating bean with name 'dataSource' defined in class path resource [org/springframework/boot/autoconfigure/jdbc/DataSourceConfiguration$Hikari.class]: Bean instantiation via factory method failed; nested exception is org.springframework.beans.BeanInstantiationException: Failed to instantiate [com.zaxxer.hikari.HikariDataSource]: Factory method 'dataSource' threw exception; nested exception is org.springframework.boot.autoconfigure.jdbc.DataSourceProperties$DataSourceBeanCreationException: Failed to determine a suitable driver class
2023-02-26 01:48:41.786-0400 [main]  INFO 41415 --- [o.apache.catalina.core.StandardService  ] : Stopping service [Tomcat]
2023-02-26 01:48:41.865-0400 [main]  INFO 41415 --- [ConditionEvaluationReportLoggingListener] : 

Error starting ApplicationContext. To display the conditions report re-run your application with 'debug' enabled.
2023-02-26 01:48:41.896-0400 [main] ERROR 41415 --- [o.s.b.d.LoggingFailureAnalysisReporter  ] : 

***************************
APPLICATION FAILED TO START
***************************

Description:

Failed to configure a DataSource: 'url' attribute is not specified and no embedded datasource could be configured.

Reason: Failed to determine a suitable driver class


Action:

Consider the following:
	If you want an embedded database (H2, HSQL or Derby), please put it on the classpath.
	If you have database settings to be loaded from a particular profile you may need to activate it (no profiles are currently active).

2023-02-26 01:49:15.680-0400 [main]  INFO 41651 --- [a.s.c.CurrencyConverterApplicationKt    ] : Starting CurrencyConverterApplicationKt using Java 17.0.5 on ale-Satellite-M645 with PID 41651 (/home/ale/Documents/Arquitectura de Sofware/currency-converter/target/classes started by ale in /home/ale/Documents/Arquitectura de Sofware/currency-converter)
2023-02-26 01:49:15.686-0400 [main]  INFO 41651 --- [a.s.c.CurrencyConverterApplicationKt    ] : No active profile set, falling back to 1 default profile: "default"
2023-02-26 01:49:17.316-0400 [main]  INFO 41651 --- [.s.d.r.c.RepositoryConfigurationDelegate] : Bootstrapping Spring Data JPA repositories in DEFAULT mode.
2023-02-26 01:49:17.363-0400 [main]  INFO 41651 --- [.s.d.r.c.RepositoryConfigurationDelegate] : Finished Spring Data repository scanning in 22 ms. Found 0 JPA repository interfaces.
2023-02-26 01:49:18.694-0400 [main]  INFO 41651 --- [o.s.b.w.embedded.tomcat.TomcatWebServer ] : Tomcat initialized with port(s): 8008 (http)
2023-02-26 01:49:18.714-0400 [main]  INFO 41651 --- [o.apache.catalina.core.StandardService  ] : Starting service [Tomcat]
2023-02-26 01:49:18.715-0400 [main]  INFO 41651 --- [org.apache.catalina.core.StandardEngine ] : Starting Servlet engine: [Apache Tomcat/9.0.71]
2023-02-26 01:49:18.892-0400 [main]  INFO 41651 --- [o.a.c.c.C.[Tomcat].[localhost].[/]      ] : Initializing Spring embedded WebApplicationContext
2023-02-26 01:49:18.893-0400 [main]  INFO 41651 --- [w.s.c.ServletWebServerApplicationContext] : Root WebApplicationContext: initialization completed in 3084 ms
2023-02-26 01:49:19.084-0400 [main]  WARN 41651 --- [ConfigServletWebServerApplicationContext] : Exception encountered during context initialization - cancelling refresh attempt: org.springframework.beans.factory.UnsatisfiedDependencyException: Error creating bean with name 'dataSourceScriptDatabaseInitializer' defined in class path resource [org/springframework/boot/autoconfigure/sql/init/DataSourceInitializationConfiguration.class]: Unsatisfied dependency expressed through method 'dataSourceScriptDatabaseInitializer' parameter 0; nested exception is org.springframework.beans.factory.BeanCreationException: Error creating bean with name 'dataSource' defined in class path resource [org/springframework/boot/autoconfigure/jdbc/DataSourceConfiguration$Hikari.class]: Bean instantiation via factory method failed; nested exception is org.springframework.beans.BeanInstantiationException: Failed to instantiate [com.zaxxer.hikari.HikariDataSource]: Factory method 'dataSource' threw exception; nested exception is org.springframework.boot.autoconfigure.jdbc.DataSourceProperties$DataSourceBeanCreationException: Failed to determine a suitable driver class
2023-02-26 01:49:19.089-0400 [main]  INFO 41651 --- [o.apache.catalina.core.StandardService  ] : Stopping service [Tomcat]
2023-02-26 01:49:19.112-0400 [main]  INFO 41651 --- [ConditionEvaluationReportLoggingListener] : 

Error starting ApplicationContext. To display the conditions report re-run your application with 'debug' enabled.
2023-02-26 01:49:19.139-0400 [main] ERROR 41651 --- [o.s.b.d.LoggingFailureAnalysisReporter  ] : 

***************************
APPLICATION FAILED TO START
***************************

Description:

Failed to configure a DataSource: 'url' attribute is not specified and no embedded datasource could be configured.

Reason: Failed to determine a suitable driver class


Action:

Consider the following:
	If you want an embedded database (H2, HSQL or Derby), please put it on the classpath.
	If you have database settings to be loaded from a particular profile you may need to activate it (no profiles are currently active).

2023-02-26 01:56:06.584-0400 [main]  INFO 42383 --- [a.s.c.CurrencyConverterApplicationKt    ] : Starting CurrencyConverterApplicationKt using Java 17.0.5 on ale-Satellite-M645 with PID 42383 (/home/ale/Documents/Arquitectura de Sofware/currency-converter/target/classes started by ale in /home/ale/Documents/Arquitectura de Sofware/currency-converter)
2023-02-26 01:56:06.593-0400 [main]  INFO 42383 --- [a.s.c.CurrencyConverterApplicationKt    ] : No active profile set, falling back to 1 default profile: "default"
2023-02-26 01:56:09.164-0400 [main]  INFO 42383 --- [o.s.b.w.embedded.tomcat.TomcatWebServer ] : Tomcat initialized with port(s): 8008 (http)
2023-02-26 01:56:09.199-0400 [main]  INFO 42383 --- [o.apache.catalina.core.StandardService  ] : Starting service [Tomcat]
2023-02-26 01:56:09.203-0400 [main]  INFO 42383 --- [org.apache.catalina.core.StandardEngine ] : Starting Servlet engine: [Apache Tomcat/9.0.71]
2023-02-26 01:56:09.417-0400 [main]  INFO 42383 --- [o.a.c.c.C.[Tomcat].[localhost].[/]      ] : Initializing Spring embedded WebApplicationContext
2023-02-26 01:56:09.422-0400 [main]  INFO 42383 --- [w.s.c.ServletWebServerApplicationContext] : Root WebApplicationContext: initialization completed in 2649 ms
2023-02-26 01:56:11.657-0400 [main]  INFO 42383 --- [o.s.b.w.embedded.tomcat.TomcatWebServer ] : Tomcat started on port(s): 8008 (http) with context path ''
2023-02-26 01:56:11.676-0400 [main]  INFO 42383 --- [a.s.c.CurrencyConverterApplicationKt    ] : Started CurrencyConverterApplicationKt in 6.379 seconds (JVM running for 8.209)
2023-02-26 01:56:23.529-0400 [http-nio-8008-exec-1]  INFO 42383 --- [o.a.c.c.C.[Tomcat].[localhost].[/]      ] : Initializing Spring DispatcherServlet 'dispatcherServlet'
2023-02-26 01:56:23.530-0400 [http-nio-8008-exec-1]  INFO 42383 --- [o.s.web.servlet.DispatcherServlet       ] : Initializing Servlet 'dispatcherServlet'
2023-02-26 01:56:23.532-0400 [http-nio-8008-exec-1]  INFO 42383 --- [o.s.web.servlet.DispatcherServlet       ] : Completed initialization in 2 ms
2023-02-26 01:56:23.631-0400 [http-nio-8008-exec-1]  INFO 42383 --- [a.s.currencyconverter.api.CurrencyApi   ] : Iniciando peticion para convertir divisas de usd a eur con un monto de 1000
2023-02-26 01:56:23.632-0400 [http-nio-8008-exec-1] ERROR 42383 --- [a.s.currencyconverter.bl.CurrencyBl     ] : Iniciando logica para convertir divisas
2023-02-26 01:56:23.638-0400 [http-nio-8008-exec-1]  INFO 42383 --- [a.s.currencyconverter.bl.CurrencyBl     ] : Invocando servicio de conversión de monedas
2023-02-26 01:56:25.748-0400 [http-nio-8008-exec-1]  INFO 42383 --- [a.s.currencyconverter.bl.CurrencyBl     ] : Parseando respuesta del servicio de conversión de monedas
2023-02-26 01:56:25.751-0400 [http-nio-8008-exec-1]  INFO 42383 --- [a.s.currencyconverter.bl.CurrencyBl     ] : El servicio de conversión de monedas retorno => {
    "success": true,
    "query": {
        "from": "USD",
        "to": "EUR",
        "amount": 1000
    },
    "info": {
        "timestamp": 1677390963,
        "rate": 0.944804
    },
    "date": "2023-02-26",
    "result": 944.804
}

2023-02-26 01:56:25.751-0400 [http-nio-8008-exec-1]  INFO 42383 --- [a.s.currencyconverter.bl.CurrencyBl     ] : El servicio de conversión de monedas fue exitoso
2023-02-26 01:57:08.174-0400 [http-nio-8008-exec-3]  INFO 42383 --- [a.s.currencyconverter.api.CurrencyApi   ] : Iniciando peticion para convertir divisas de usd a eur con un monto de 100
2023-02-26 01:57:08.174-0400 [http-nio-8008-exec-3] ERROR 42383 --- [a.s.currencyconverter.bl.CurrencyBl     ] : Iniciando logica para convertir divisas
2023-02-26 01:57:08.175-0400 [http-nio-8008-exec-3]  INFO 42383 --- [a.s.currencyconverter.bl.CurrencyBl     ] : Invocando servicio de conversión de monedas
2023-02-26 01:57:18.434-0400 [http-nio-8008-exec-3] ERROR 42383 --- [o.a.c.c.C.[.[.[/].[dispatcherServlet]   ] : Servlet.service() for servlet [dispatcherServlet] in context with path [] threw exception [Request processing failed; nested exception is java.lang.RuntimeException: Error en el servicio de conversión de monedas] with root cause

java.lang.RuntimeException: Error en el servicio de conversión de monedas
	at arquitectura.software.currencyconverter.bl.CurrencyBl.invokeApi(CurrencyBl.kt:55)
	at arquitectura.software.currencyconverter.bl.CurrencyBl.exchangeRate(CurrencyBl.kt:39)
	at arquitectura.software.currencyconverter.api.CurrencyApi.exchangeRate(CurrencyApi.kt:28)
	at java.base/jdk.internal.reflect.NativeMethodAccessorImpl.invoke0(Native Method)
	at java.base/jdk.internal.reflect.NativeMethodAccessorImpl.invoke(NativeMethodAccessorImpl.java:77)
	at java.base/jdk.internal.reflect.DelegatingMethodAccessorImpl.invoke(DelegatingMethodAccessorImpl.java:43)
	at java.base/java.lang.reflect.Method.invoke(Method.java:568)
	at org.springframework.web.method.support.InvocableHandlerMethod.doInvoke(InvocableHandlerMethod.java:205)
	at org.springframework.web.method.support.InvocableHandlerMethod.invokeForRequest(InvocableHandlerMethod.java:150)
	at org.springframework.web.servlet.mvc.method.annotation.ServletInvocableHandlerMethod.invokeAndHandle(ServletInvocableHandlerMethod.java:117)
	at org.springframework.web.servlet.mvc.method.annotation.RequestMappingHandlerAdapter.invokeHandlerMethod(RequestMappingHandlerAdapter.java:895)
	at org.springframework.web.servlet.mvc.method.annotation.RequestMappingHandlerAdapter.handleInternal(RequestMappingHandlerAdapter.java:808)
	at org.springframework.web.servlet.mvc.method.AbstractHandlerMethodAdapter.handle(AbstractHandlerMethodAdapter.java:87)
	at org.springframework.web.servlet.DispatcherServlet.doDispatch(DispatcherServlet.java:1071)
	at org.springframework.web.servlet.DispatcherServlet.doService(DispatcherServlet.java:964)
	at org.springframework.web.servlet.FrameworkServlet.processRequest(FrameworkServlet.java:1006)
	at org.springframework.web.servlet.FrameworkServlet.doGet(FrameworkServlet.java:898)
	at javax.servlet.http.HttpServlet.service(HttpServlet.java:670)
	at org.springframework.web.servlet.FrameworkServlet.service(FrameworkServlet.java:883)
	at javax.servlet.http.HttpServlet.service(HttpServlet.java:779)
	at org.apache.catalina.core.ApplicationFilterChain.internalDoFilter(ApplicationFilterChain.java:227)
	at org.apache.catalina.core.ApplicationFilterChain.doFilter(ApplicationFilterChain.java:162)
	at org.apache.tomcat.websocket.server.WsFilter.doFilter(WsFilter.java:53)
	at org.apache.catalina.core.ApplicationFilterChain.internalDoFilter(ApplicationFilterChain.java:189)
	at org.apache.catalina.core.ApplicationFilterChain.doFilter(ApplicationFilterChain.java:162)
	at org.springframework.web.filter.RequestContextFilter.doFilterInternal(RequestContextFilter.java:100)
	at org.springframework.web.filter.OncePerRequestFilter.doFilter(OncePerRequestFilter.java:117)
	at org.apache.catalina.core.ApplicationFilterChain.internalDoFilter(ApplicationFilterChain.java:189)
	at org.apache.catalina.core.ApplicationFilterChain.doFilter(ApplicationFilterChain.java:162)
	at org.springframework.web.filter.FormContentFilter.doFilterInternal(FormContentFilter.java:93)
	at org.springframework.web.filter.OncePerRequestFilter.doFilter(OncePerRequestFilter.java:117)
	at org.apache.catalina.core.ApplicationFilterChain.internalDoFilter(ApplicationFilterChain.java:189)
	at org.apache.catalina.core.ApplicationFilterChain.doFilter(ApplicationFilterChain.java:162)
	at org.springframework.web.filter.CharacterEncodingFilter.doFilterInternal(CharacterEncodingFilter.java:201)
	at org.springframework.web.filter.OncePerRequestFilter.doFilter(OncePerRequestFilter.java:117)
	at org.apache.catalina.core.ApplicationFilterChain.internalDoFilter(ApplicationFilterChain.java:189)
	at org.apache.catalina.core.ApplicationFilterChain.doFilter(ApplicationFilterChain.java:162)
	at org.apache.catalina.core.StandardWrapperValve.invoke(StandardWrapperValve.java:177)
	at org.apache.catalina.core.StandardContextValve.invoke(StandardContextValve.java:97)
	at org.apache.catalina.authenticator.AuthenticatorBase.invoke(AuthenticatorBase.java:541)
	at org.apache.catalina.core.StandardHostValve.invoke(StandardHostValve.java:135)
	at org.apache.catalina.valves.ErrorReportValve.invoke(ErrorReportValve.java:92)
	at org.apache.catalina.core.StandardEngineValve.invoke(StandardEngineValve.java:78)
	at org.apache.catalina.connector.CoyoteAdapter.service(CoyoteAdapter.java:360)
	at org.apache.coyote.http11.Http11Processor.service(Http11Processor.java:399)
	at org.apache.coyote.AbstractProcessorLight.process(AbstractProcessorLight.java:65)
	at org.apache.coyote.AbstractProtocol$ConnectionHandler.process(AbstractProtocol.java:891)
	at org.apache.tomcat.util.net.NioEndpoint$SocketProcessor.doRun(NioEndpoint.java:1784)
	at org.apache.tomcat.util.net.SocketProcessorBase.run(SocketProcessorBase.java:49)
	at org.apache.tomcat.util.threads.ThreadPoolExecutor.runWorker(ThreadPoolExecutor.java:1191)
	at org.apache.tomcat.util.threads.ThreadPoolExecutor$Worker.run(ThreadPoolExecutor.java:659)
	at org.apache.tomcat.util.threads.TaskThread$WrappingRunnable.run(TaskThread.java:61)
	at java.base/java.lang.Thread.run(Thread.java:833)

2023-02-26 01:57:21.492-0400 [http-nio-8008-exec-4]  INFO 42383 --- [a.s.currencyconverter.api.CurrencyApi   ] : Iniciando peticion para convertir divisas de usd a eur con un monto de 100
2023-02-26 01:57:21.493-0400 [http-nio-8008-exec-4] ERROR 42383 --- [a.s.currencyconverter.bl.CurrencyBl     ] : Iniciando logica para convertir divisas
2023-02-26 01:57:21.493-0400 [http-nio-8008-exec-4]  INFO 42383 --- [a.s.currencyconverter.bl.CurrencyBl     ] : Invocando servicio de conversión de monedas
2023-02-26 01:57:29.211-0400 [http-nio-8008-exec-4]  INFO 42383 --- [a.s.currencyconverter.bl.CurrencyBl     ] : Parseando respuesta del servicio de conversión de monedas
2023-02-26 01:57:29.212-0400 [http-nio-8008-exec-4]  INFO 42383 --- [a.s.currencyconverter.bl.CurrencyBl     ] : El servicio de conversión de monedas retorno => {
    "success": true,
    "query": {
        "from": "USD",
        "to": "EUR",
        "amount": 100
    },
    "info": {
        "timestamp": 1677391023,
        "rate": 0.944804
    },
    "date": "2023-02-26",
    "result": 94.4804
}

2023-02-26 01:57:29.212-0400 [http-nio-8008-exec-4]  INFO 42383 --- [a.s.currencyconverter.bl.CurrencyBl     ] : El servicio de conversión de monedas fue exitoso
2023-02-26 17:07:23.678-0400 [main]  INFO 6012 --- [a.s.c.CurrencyConverterApplicationKt    ] : Starting CurrencyConverterApplicationKt using Java 17.0.5 on ale-Satellite-M645 with PID 6012 (/home/ale/Documents/Arquitectura de Sofware/currency-converter/target/classes started by ale in /home/ale/Documents/Arquitectura de Sofware/currency-converter)
2023-02-26 17:07:23.690-0400 [main]  INFO 6012 --- [a.s.c.CurrencyConverterApplicationKt    ] : No active profile set, falling back to 1 default profile: "default"
2023-02-26 17:07:30.596-0400 [main]  INFO 6012 --- [o.s.b.w.embedded.tomcat.TomcatWebServer ] : Tomcat initialized with port(s): 8008 (http)
2023-02-26 17:07:30.629-0400 [main]  INFO 6012 --- [o.apache.catalina.core.StandardService  ] : Starting service [Tomcat]
2023-02-26 17:07:30.629-0400 [main]  INFO 6012 --- [org.apache.catalina.core.StandardEngine ] : Starting Servlet engine: [Apache Tomcat/9.0.71]
2023-02-26 17:07:31.188-0400 [main]  INFO 6012 --- [o.a.c.c.C.[Tomcat].[localhost].[/]      ] : Initializing Spring embedded WebApplicationContext
2023-02-26 17:07:31.188-0400 [main]  INFO 6012 --- [w.s.c.ServletWebServerApplicationContext] : Root WebApplicationContext: initialization completed in 6848 ms
2023-02-26 17:07:35.320-0400 [main]  INFO 6012 --- [o.s.b.w.embedded.tomcat.TomcatWebServer ] : Tomcat started on port(s): 8008 (http) with context path ''
2023-02-26 17:07:35.392-0400 [main]  INFO 6012 --- [a.s.c.CurrencyConverterApplicationKt    ] : Started CurrencyConverterApplicationKt in 15.844 seconds (JVM running for 23.691)
2023-02-26 17:07:51.663-0400 [http-nio-8008-exec-1]  INFO 6012 --- [o.a.c.c.C.[Tomcat].[localhost].[/]      ] : Initializing Spring DispatcherServlet 'dispatcherServlet'
2023-02-26 17:07:51.681-0400 [http-nio-8008-exec-1]  INFO 6012 --- [o.s.web.servlet.DispatcherServlet       ] : Initializing Servlet 'dispatcherServlet'
2023-02-26 17:07:51.718-0400 [http-nio-8008-exec-1]  INFO 6012 --- [o.s.web.servlet.DispatcherServlet       ] : Completed initialization in 4 ms
2023-02-26 17:07:51.947-0400 [http-nio-8008-exec-1]  INFO 6012 --- [a.s.currencyconverter.api.CurrencyApi   ] : Iniciando peticion para convertir divisas de usd a eur con un monto de 100
2023-02-26 17:07:51.948-0400 [http-nio-8008-exec-1] ERROR 6012 --- [a.s.currencyconverter.bl.CurrencyBl     ] : Iniciando logica para convertir divisas
2023-02-26 17:07:51.957-0400 [http-nio-8008-exec-1]  INFO 6012 --- [a.s.currencyconverter.bl.CurrencyBl     ] : Invocando servicio de conversión de monedas
2023-02-26 17:07:54.819-0400 [http-nio-8008-exec-1]  INFO 6012 --- [a.s.currencyconverter.bl.CurrencyBl     ] : Parseando respuesta del servicio de conversión de monedas
2023-02-26 17:07:54.839-0400 [http-nio-8008-exec-1]  INFO 6012 --- [a.s.currencyconverter.bl.CurrencyBl     ] : El servicio de conversión de monedas retorno => {
    "success": true,
    "query": {
        "from": "USD",
        "to": "EUR",
        "amount": 100
    },
    "info": {
        "timestamp": 1677445623,
        "rate": 0.947805
    },
    "date": "2023-02-26",
    "result": 94.7805
}

2023-02-26 17:07:54.853-0400 [http-nio-8008-exec-1]  INFO 6012 --- [a.s.currencyconverter.bl.CurrencyBl     ] : El servicio de conversión de monedas fue exitoso
2023-02-26 18:49:22.444-0400 [main]  INFO 16520 --- [a.s.c.CurrencyConverterApplicationKt    ] : Starting CurrencyConverterApplicationKt using Java 17.0.5 on ale-Satellite-M645 with PID 16520 (/home/ale/Documents/Arquitectura de Sofware/currency-converter/target/classes started by ale in /home/ale/Documents/Arquitectura de Sofware/currency-converter)
2023-02-26 18:49:22.521-0400 [main]  INFO 16520 --- [a.s.c.CurrencyConverterApplicationKt    ] : No active profile set, falling back to 1 default profile: "default"
2023-02-26 18:49:25.422-0400 [main]  INFO 16520 --- [.s.d.r.c.RepositoryConfigurationDelegate] : Bootstrapping Spring Data JPA repositories in DEFAULT mode.
2023-02-26 18:49:25.515-0400 [main]  INFO 16520 --- [.s.d.r.c.RepositoryConfigurationDelegate] : Finished Spring Data repository scanning in 72 ms. Found 1 JPA repository interfaces.
2023-02-26 18:49:27.269-0400 [main]  INFO 16520 --- [o.s.b.w.embedded.tomcat.TomcatWebServer ] : Tomcat initialized with port(s): 8008 (http)
2023-02-26 18:49:27.282-0400 [main]  INFO 16520 --- [o.apache.catalina.core.StandardService  ] : Starting service [Tomcat]
2023-02-26 18:49:27.283-0400 [main]  INFO 16520 --- [org.apache.catalina.core.StandardEngine ] : Starting Servlet engine: [Apache Tomcat/9.0.71]
2023-02-26 18:49:27.937-0400 [main]  INFO 16520 --- [o.a.c.c.C.[Tomcat].[localhost].[/]      ] : Initializing Spring embedded WebApplicationContext
2023-02-26 18:49:27.938-0400 [main]  INFO 16520 --- [w.s.c.ServletWebServerApplicationContext] : Root WebApplicationContext: initialization completed in 5142 ms
2023-02-26 18:49:29.811-0400 [main]  INFO 16520 --- [o.hibernate.jpa.internal.util.LogHelper ] : HHH000204: Processing PersistenceUnitInfo [name: default]
2023-02-26 18:49:31.581-0400 [main]  INFO 16520 --- [org.hibernate.Version                   ] : HHH000412: Hibernate ORM core version 5.6.15.Final
2023-02-26 18:49:32.149-0400 [main]  INFO 16520 --- [o.hibernate.annotations.common.Version  ] : HCANN000001: Hibernate Commons Annotations {5.1.2.Final}
2023-02-26 18:49:33.100-0400 [main]  INFO 16520 --- [org.hibernate.dialect.Dialect           ] : HHH000400: Using dialect: org.hibernate.dialect.PostgreSQL10Dialect
2023-02-26 18:49:34.168-0400 [main]  INFO 16520 --- [o.h.e.t.j.p.i.JtaPlatformInitiator      ] : HHH000490: Using JtaPlatform implementation: [org.hibernate.engine.transaction.jta.platform.internal.NoJtaPlatform]
2023-02-26 18:49:34.199-0400 [main]  INFO 16520 --- [j.LocalContainerEntityManagerFactoryBean] : Initialized JPA EntityManagerFactory for persistence unit 'default'
2023-02-26 18:49:34.469-0400 [main]  WARN 16520 --- [JpaBaseConfiguration$JpaWebConfiguration] : spring.jpa.open-in-view is enabled by default. Therefore, database queries may be performed during view rendering. Explicitly configure spring.jpa.open-in-view to disable this warning
2023-02-26 18:49:36.761-0400 [main]  INFO 16520 --- [o.s.b.w.embedded.tomcat.TomcatWebServer ] : Tomcat started on port(s): 8008 (http) with context path ''
2023-02-26 18:49:36.778-0400 [main]  INFO 16520 --- [a.s.c.CurrencyConverterApplicationKt    ] : Started CurrencyConverterApplicationKt in 16.589 seconds (JVM running for 22.2)
2023-02-26 19:26:02.416-0400 [SpringApplicationShutdownHook]  INFO 16520 --- [j.LocalContainerEntityManagerFactoryBean] : Closing JPA EntityManagerFactory for persistence unit 'default'
2023-02-26 19:26:18.062-0400 [main]  INFO 20523 --- [a.s.c.CurrencyConverterApplicationKt    ] : Starting CurrencyConverterApplicationKt using Java 17.0.5 on ale-Satellite-M645 with PID 20523 (/home/ale/Documents/Arquitectura de Sofware/currency-converter/target/classes started by ale in /home/ale/Documents/Arquitectura de Sofware/currency-converter)
2023-02-26 19:26:18.069-0400 [main]  INFO 20523 --- [a.s.c.CurrencyConverterApplicationKt    ] : No active profile set, falling back to 1 default profile: "default"
2023-02-26 19:26:20.104-0400 [main]  INFO 20523 --- [.s.d.r.c.RepositoryConfigurationDelegate] : Bootstrapping Spring Data JPA repositories in DEFAULT mode.
2023-02-26 19:26:20.228-0400 [main]  INFO 20523 --- [.s.d.r.c.RepositoryConfigurationDelegate] : Finished Spring Data repository scanning in 98 ms. Found 1 JPA repository interfaces.
2023-02-26 19:26:21.889-0400 [main]  INFO 20523 --- [o.s.b.w.embedded.tomcat.TomcatWebServer ] : Tomcat initialized with port(s): 8008 (http)
2023-02-26 19:26:21.909-0400 [main]  INFO 20523 --- [o.apache.catalina.core.StandardService  ] : Starting service [Tomcat]
2023-02-26 19:26:21.910-0400 [main]  INFO 20523 --- [org.apache.catalina.core.StandardEngine ] : Starting Servlet engine: [Apache Tomcat/9.0.71]
2023-02-26 19:26:22.135-0400 [main]  INFO 20523 --- [o.a.c.c.C.[Tomcat].[localhost].[/]      ] : Initializing Spring embedded WebApplicationContext
2023-02-26 19:26:22.137-0400 [main]  INFO 20523 --- [w.s.c.ServletWebServerApplicationContext] : Root WebApplicationContext: initialization completed in 3908 ms
2023-02-26 19:26:22.746-0400 [main]  INFO 20523 --- [o.hibernate.jpa.internal.util.LogHelper ] : HHH000204: Processing PersistenceUnitInfo [name: default]
2023-02-26 19:26:22.832-0400 [main]  INFO 20523 --- [org.hibernate.Version                   ] : HHH000412: Hibernate ORM core version 5.6.15.Final
2023-02-26 19:26:23.171-0400 [main]  INFO 20523 --- [o.hibernate.annotations.common.Version  ] : HCANN000001: Hibernate Commons Annotations {5.1.2.Final}
2023-02-26 19:26:23.645-0400 [main]  INFO 20523 --- [org.hibernate.dialect.Dialect           ] : HHH000400: Using dialect: org.hibernate.dialect.PostgreSQL10Dialect
2023-02-26 19:26:24.635-0400 [main]  INFO 20523 --- [o.h.e.t.j.p.i.JtaPlatformInitiator      ] : HHH000490: Using JtaPlatform implementation: [org.hibernate.engine.transaction.jta.platform.internal.NoJtaPlatform]
2023-02-26 19:26:24.701-0400 [main]  INFO 20523 --- [j.LocalContainerEntityManagerFactoryBean] : Initialized JPA EntityManagerFactory for persistence unit 'default'
2023-02-26 19:26:25.496-0400 [main]  WARN 20523 --- [JpaBaseConfiguration$JpaWebConfiguration] : spring.jpa.open-in-view is enabled by default. Therefore, database queries may be performed during view rendering. Explicitly configure spring.jpa.open-in-view to disable this warning
2023-02-26 19:26:27.287-0400 [main]  INFO 20523 --- [o.s.b.w.embedded.tomcat.TomcatWebServer ] : Tomcat started on port(s): 8008 (http) with context path ''
2023-02-26 19:26:27.306-0400 [main]  INFO 20523 --- [a.s.c.CurrencyConverterApplicationKt    ] : Started CurrencyConverterApplicationKt in 10.617 seconds (JVM running for 12.421)
2023-02-26 19:26:34.003-0400 [http-nio-8008-exec-1]  INFO 20523 --- [o.a.c.c.C.[Tomcat].[localhost].[/]      ] : Initializing Spring DispatcherServlet 'dispatcherServlet'
2023-02-26 19:26:34.004-0400 [http-nio-8008-exec-1]  INFO 20523 --- [o.s.web.servlet.DispatcherServlet       ] : Initializing Servlet 'dispatcherServlet'
2023-02-26 19:26:34.007-0400 [http-nio-8008-exec-1]  INFO 20523 --- [o.s.web.servlet.DispatcherServlet       ] : Completed initialization in 3 ms
2023-02-26 19:26:34.103-0400 [http-nio-8008-exec-1]  INFO 20523 --- [a.s.currencyconverter.api.CurrencyApi   ] : Iniciando peticion para convertir divisas de usd a eur con un monto de 100
2023-02-26 19:26:34.104-0400 [http-nio-8008-exec-1] ERROR 20523 --- [a.s.currencyconverter.bl.CurrencyBl     ] : Iniciando logica para convertir divisas
2023-02-26 19:26:34.112-0400 [http-nio-8008-exec-1]  INFO 20523 --- [a.s.currencyconverter.bl.CurrencyBl     ] : Invocando servicio de conversión de monedas
2023-02-26 19:26:36.797-0400 [http-nio-8008-exec-1]  INFO 20523 --- [a.s.currencyconverter.bl.CurrencyBl     ] : Parseando respuesta del servicio de conversión de monedas
2023-02-26 19:26:36.801-0400 [http-nio-8008-exec-1]  INFO 20523 --- [a.s.currencyconverter.bl.CurrencyBl     ] : El servicio de conversión de monedas retorno => {
    "success": true,
    "query": {
        "from": "USD",
        "to": "EUR",
        "amount": 100
    },
    "info": {
        "timestamp": 1677453963,
        "rate": 0.94766
    },
    "date": "2023-02-26",
    "result": 94.766
}

2023-02-26 19:26:36.802-0400 [http-nio-8008-exec-1]  INFO 20523 --- [a.s.currencyconverter.bl.CurrencyBl     ] : El servicio de conversión de monedas fue exitoso
