2023-03-30 01:19:31.932-0400 [http-nio-8008-exec-1]  INFO 23480 --- [o.a.c.c.C.[Tomcat].[localhost].[/]      ] : Initializing Spring DispatcherServlet 'dispatcherServlet'
2023-03-30 01:19:31.945-0400 [http-nio-8008-exec-1]  INFO 23480 --- [o.s.web.servlet.DispatcherServlet       ] : Initializing Servlet 'dispatcherServlet'
2023-03-30 01:19:31.946-0400 [http-nio-8008-exec-1]  INFO 23480 --- [o.s.web.servlet.DispatcherServlet       ] : Completed initialization in 1 ms
2023-03-30 01:19:33.112-0400 [http-nio-8008-exec-2]  INFO 23480 --- [o.keycloak.adapters.KeycloakDeployment  ] : Loaded URLs from http://localhost:8080/realms/software/.well-known/openid-configuration
2023-03-30 02:16:21.436-0400 [SpringApplicationShutdownHook]  INFO 23480 --- [j.LocalContainerEntityManagerFactoryBean] : Closing JPA EntityManagerFactory for persistence unit 'default'
2023-03-30 13:07:47.867-0400 [main]  INFO 14274 --- [a.s.c.CurrencyConverterApplicationKt    ] : Starting CurrencyConverterApplicationKt using Java 17.0.5 on ale-Satellite-M645 with PID 14274 (/home/ale/Documents/ArquitecturaSoftware/currency-converter/target/classes started by root in /home/ale/Documents/ArquitecturaSoftware/currency-converter)
2023-03-30 13:07:47.904-0400 [main]  INFO 14274 --- [a.s.c.CurrencyConverterApplicationKt    ] : No active profile set, falling back to 1 default profile: "default"
2023-03-30 13:07:50.625-0400 [main]  INFO 14274 --- [.s.d.r.c.RepositoryConfigurationDelegate] : Bootstrapping Spring Data JPA repositories in DEFAULT mode.
2023-03-30 13:07:50.757-0400 [main]  INFO 14274 --- [.s.d.r.c.RepositoryConfigurationDelegate] : Finished Spring Data repository scanning in 81 ms. Found 1 JPA repository interfaces.
2023-03-30 13:07:53.467-0400 [main]  INFO 14274 --- [o.s.b.w.embedded.tomcat.TomcatWebServer ] : Tomcat initialized with port(s): 8008 (http)
2023-03-30 13:07:53.549-0400 [main]  INFO 14274 --- [o.apache.catalina.core.StandardService  ] : Starting service [Tomcat]
2023-03-30 13:07:53.549-0400 [main]  INFO 14274 --- [org.apache.catalina.core.StandardEngine ] : Starting Servlet engine: [Apache Tomcat/9.0.71]
2023-03-30 13:07:53.719-0400 [main]  INFO 14274 --- [o.a.c.c.C.[Tomcat].[localhost].[/]      ] : Initializing Spring embedded WebApplicationContext
2023-03-30 13:07:53.720-0400 [main]  INFO 14274 --- [w.s.c.ServletWebServerApplicationContext] : Root WebApplicationContext: initialization completed in 5601 ms
2023-03-30 13:07:53.919-0400 [main] ERROR 14274 --- [o.a.c.c.C.[Tomcat].[localhost].[/]      ] : For security constraints with URL pattern [/api/currency/paginas] the HTTP methods [OPTIONS] are uncovered.
2023-03-30 13:07:54.452-0400 [main]  INFO 14274 --- [o.hibernate.jpa.internal.util.LogHelper ] : HHH000204: Processing PersistenceUnitInfo [name: default]
2023-03-30 13:07:54.703-0400 [main]  INFO 14274 --- [org.hibernate.Version                   ] : HHH000412: Hibernate ORM core version 5.6.15.Final
2023-03-30 13:07:55.186-0400 [main]  INFO 14274 --- [o.hibernate.annotations.common.Version  ] : HCANN000001: Hibernate Commons Annotations {5.1.2.Final}
2023-03-30 13:07:56.712-0400 [main]  INFO 14274 --- [org.hibernate.dialect.Dialect           ] : HHH000400: Using dialect: org.hibernate.dialect.PostgreSQL10Dialect
2023-03-30 13:07:58.728-0400 [main]  INFO 14274 --- [o.h.e.t.j.p.i.JtaPlatformInitiator      ] : HHH000490: Using JtaPlatform implementation: [org.hibernate.engine.transaction.jta.platform.internal.NoJtaPlatform]
2023-03-30 13:07:58.760-0400 [main]  INFO 14274 --- [j.LocalContainerEntityManagerFactoryBean] : Initialized JPA EntityManagerFactory for persistence unit 'default'
2023-03-30 13:07:59.362-0400 [main]  WARN 14274 --- [JpaBaseConfiguration$JpaWebConfiguration] : spring.jpa.open-in-view is enabled by default. Therefore, database queries may be performed during view rendering. Explicitly configure spring.jpa.open-in-view to disable this warning
2023-03-30 13:08:01.176-0400 [main]  INFO 14274 --- [o.s.b.w.embedded.tomcat.TomcatWebServer ] : Tomcat started on port(s): 8008 (http) with context path ''
2023-03-30 13:08:01.193-0400 [main]  INFO 14274 --- [a.s.c.CurrencyConverterApplicationKt    ] : Started CurrencyConverterApplicationKt in 15.7 seconds (JVM running for 17.03)
2023-03-30 13:50:11.426-0400 [SpringApplicationShutdownHook]  INFO 14274 --- [j.LocalContainerEntityManagerFactoryBean] : Closing JPA EntityManagerFactory for persistence unit 'default'
2023-03-30 16:45:29.008-0400 [main]  INFO 22310 --- [a.s.c.CurrencyConverterApplicationKt    ] : Starting CurrencyConverterApplicationKt using Java 17.0.5 on ale-Satellite-M645 with PID 22310 (/home/ale/Documents/ArquitecturaSoftware/currency-converter/target/classes started by root in /home/ale/Documents/ArquitecturaSoftware/currency-converter)
2023-03-30 16:45:29.022-0400 [main]  INFO 22310 --- [a.s.c.CurrencyConverterApplicationKt    ] : No active profile set, falling back to 1 default profile: "default"
2023-03-30 16:45:31.220-0400 [main]  INFO 22310 --- [.s.d.r.c.RepositoryConfigurationDelegate] : Bootstrapping Spring Data JPA repositories in DEFAULT mode.
2023-03-30 16:45:31.324-0400 [main]  INFO 22310 --- [.s.d.r.c.RepositoryConfigurationDelegate] : Finished Spring Data repository scanning in 69 ms. Found 1 JPA repository interfaces.
2023-03-30 16:45:32.946-0400 [main]  INFO 22310 --- [o.s.b.w.embedded.tomcat.TomcatWebServer ] : Tomcat initialized with port(s): 8008 (http)
2023-03-30 16:45:32.964-0400 [main]  INFO 22310 --- [o.apache.catalina.core.StandardService  ] : Starting service [Tomcat]
2023-03-30 16:45:32.965-0400 [main]  INFO 22310 --- [org.apache.catalina.core.StandardEngine ] : Starting Servlet engine: [Apache Tomcat/9.0.71]
2023-03-30 16:45:33.105-0400 [main]  INFO 22310 --- [o.a.c.c.C.[Tomcat].[localhost].[/]      ] : Initializing Spring embedded WebApplicationContext
2023-03-30 16:45:33.106-0400 [main]  INFO 22310 --- [w.s.c.ServletWebServerApplicationContext] : Root WebApplicationContext: initialization completed in 3976 ms
2023-03-30 16:45:33.275-0400 [main] ERROR 22310 --- [o.a.c.c.C.[Tomcat].[localhost].[/]      ] : For security constraints with URL pattern [/api/currency/paginas] the HTTP methods [OPTIONS] are uncovered.
2023-03-30 16:45:33.752-0400 [main]  INFO 22310 --- [o.hibernate.jpa.internal.util.LogHelper ] : HHH000204: Processing PersistenceUnitInfo [name: default]
2023-03-30 16:45:34.028-0400 [main]  INFO 22310 --- [org.hibernate.Version                   ] : HHH000412: Hibernate ORM core version 5.6.15.Final
2023-03-30 16:45:34.539-0400 [main]  INFO 22310 --- [o.hibernate.annotations.common.Version  ] : HCANN000001: Hibernate Commons Annotations {5.1.2.Final}
2023-03-30 16:45:35.800-0400 [main]  INFO 22310 --- [org.hibernate.dialect.Dialect           ] : HHH000400: Using dialect: org.hibernate.dialect.PostgreSQL10Dialect
2023-03-30 16:45:37.580-0400 [main]  INFO 22310 --- [o.h.e.t.j.p.i.JtaPlatformInitiator      ] : HHH000490: Using JtaPlatform implementation: [org.hibernate.engine.transaction.jta.platform.internal.NoJtaPlatform]
2023-03-30 16:45:37.624-0400 [main]  INFO 22310 --- [j.LocalContainerEntityManagerFactoryBean] : Initialized JPA EntityManagerFactory for persistence unit 'default'
2023-03-30 16:45:38.261-0400 [main]  WARN 22310 --- [JpaBaseConfiguration$JpaWebConfiguration] : spring.jpa.open-in-view is enabled by default. Therefore, database queries may be performed during view rendering. Explicitly configure spring.jpa.open-in-view to disable this warning
2023-03-30 16:45:39.818-0400 [main]  INFO 22310 --- [o.s.b.w.embedded.tomcat.TomcatWebServer ] : Tomcat started on port(s): 8008 (http) with context path ''
2023-03-30 16:45:39.834-0400 [main]  INFO 22310 --- [a.s.c.CurrencyConverterApplicationKt    ] : Started CurrencyConverterApplicationKt in 12.104 seconds (JVM running for 13.018)
2023-03-30 16:48:25.811-0400 [http-nio-8008-exec-1]  INFO 22310 --- [o.a.c.c.C.[Tomcat].[localhost].[/]      ] : Initializing Spring DispatcherServlet 'dispatcherServlet'
2023-03-30 16:48:25.812-0400 [http-nio-8008-exec-1]  INFO 22310 --- [o.s.web.servlet.DispatcherServlet       ] : Initializing Servlet 'dispatcherServlet'
2023-03-30 16:48:25.814-0400 [http-nio-8008-exec-1]  INFO 22310 --- [o.s.web.servlet.DispatcherServlet       ] : Completed initialization in 2 ms
2023-03-30 16:48:27.071-0400 [http-nio-8008-exec-2]  INFO 22310 --- [o.keycloak.adapters.KeycloakDeployment  ] : Loaded URLs from http://localhost:8080/realms/software/.well-known/openid-configuration
2023-03-30 17:23:56.637-0400 [http-nio-8008-exec-8]  INFO 22310 --- [a.s.currencyconverter.api.CurrencyApi   ] : Iniciando peticion para convertir divisas de BOB a USD con un monto de 4141
2023-03-30 17:23:56.638-0400 [http-nio-8008-exec-8] ERROR 22310 --- [a.s.currencyconverter.bl.CurrencyBl     ] : Iniciando logica para convertir divisas
2023-03-30 17:23:56.760-0400 [http-nio-8008-exec-8]  INFO 22310 --- [a.s.currencyconverter.bl.CurrencyBl     ] : Invocando servicio de conversi贸n de monedas
2023-03-30 17:24:00.840-0400 [http-nio-8008-exec-8]  INFO 22310 --- [a.s.currencyconverter.bl.CurrencyBl     ] : Parseando respuesta del servicio de conversi贸n de monedas
2023-03-30 17:24:00.857-0400 [http-nio-8008-exec-8]  INFO 22310 --- [a.s.currencyconverter.bl.CurrencyBl     ] : El servicio de conversi贸n de monedas retorno => {
    "success": true,
    "query": {
        "from": "BOB",
        "to": "USD",
        "amount": 4141
    },
    "info": {
        "timestamp": 1680211383,
        "rate": 0.144699
    },
    "date": "2023-03-30",
    "result": 599.198559
}

2023-03-30 17:24:00.857-0400 [http-nio-8008-exec-8]  INFO 22310 --- [a.s.currencyconverter.bl.CurrencyBl     ] : El servicio de conversi贸n de monedas fue exitoso
2023-03-30 17:43:51.469-0400 [SpringApplicationShutdownHook]  INFO 22310 --- [j.LocalContainerEntityManagerFactoryBean] : Closing JPA EntityManagerFactory for persistence unit 'default'
