2023-03-22 10:08:12.137-0400 [main]  INFO 8380 --- [a.s.c.CurrencyConverterApplicationKt    ] : Starting CurrencyConverterApplicationKt using Java 17.0.5 on ale-Satellite-M645 with PID 8380 (/home/ale/Documents/ArquitecturaSoftware/currency-converter/target/classes started by root in /home/ale/Documents/ArquitecturaSoftware/currency-converter)
2023-03-22 10:08:12.186-0400 [main]  INFO 8380 --- [a.s.c.CurrencyConverterApplicationKt    ] : No active profile set, falling back to 1 default profile: "default"
2023-03-22 10:08:16.004-0400 [main]  INFO 8380 --- [.s.d.r.c.RepositoryConfigurationDelegate] : Bootstrapping Spring Data JPA repositories in DEFAULT mode.
2023-03-22 10:08:16.125-0400 [main]  INFO 8380 --- [.s.d.r.c.RepositoryConfigurationDelegate] : Finished Spring Data repository scanning in 91 ms. Found 1 JPA repository interfaces.
2023-03-22 10:08:18.321-0400 [main]  INFO 8380 --- [o.s.b.w.embedded.tomcat.TomcatWebServer ] : Tomcat initialized with port(s): 8008 (http)
2023-03-22 10:08:18.384-0400 [main]  INFO 8380 --- [o.apache.catalina.core.StandardService  ] : Starting service [Tomcat]
2023-03-22 10:08:18.385-0400 [main]  INFO 8380 --- [org.apache.catalina.core.StandardEngine ] : Starting Servlet engine: [Apache Tomcat/9.0.71]
2023-03-22 10:08:18.752-0400 [main]  INFO 8380 --- [o.a.c.c.C.[Tomcat].[localhost].[/]      ] : Initializing Spring embedded WebApplicationContext
2023-03-22 10:08:18.752-0400 [main]  INFO 8380 --- [w.s.c.ServletWebServerApplicationContext] : Root WebApplicationContext: initialization completed in 6331 ms
2023-03-22 10:08:19.463-0400 [main]  INFO 8380 --- [o.hibernate.jpa.internal.util.LogHelper ] : HHH000204: Processing PersistenceUnitInfo [name: default]
2023-03-22 10:08:19.705-0400 [main]  INFO 8380 --- [org.hibernate.Version                   ] : HHH000412: Hibernate ORM core version 5.6.15.Final
2023-03-22 10:08:20.155-0400 [main]  INFO 8380 --- [o.hibernate.annotations.common.Version  ] : HCANN000001: Hibernate Commons Annotations {5.1.2.Final}
2023-03-22 10:08:21.535-0400 [main]  INFO 8380 --- [org.hibernate.dialect.Dialect           ] : HHH000400: Using dialect: org.hibernate.dialect.PostgreSQL10Dialect
2023-03-22 10:08:23.823-0400 [main]  INFO 8380 --- [o.h.e.t.j.p.i.JtaPlatformInitiator      ] : HHH000490: Using JtaPlatform implementation: [org.hibernate.engine.transaction.jta.platform.internal.NoJtaPlatform]
2023-03-22 10:08:23.871-0400 [main]  INFO 8380 --- [j.LocalContainerEntityManagerFactoryBean] : Initialized JPA EntityManagerFactory for persistence unit 'default'
2023-03-22 10:08:24.604-0400 [main]  WARN 8380 --- [JpaBaseConfiguration$JpaWebConfiguration] : spring.jpa.open-in-view is enabled by default. Therefore, database queries may be performed during view rendering. Explicitly configure spring.jpa.open-in-view to disable this warning
2023-03-22 10:08:26.259-0400 [main]  INFO 8380 --- [o.s.b.w.embedded.tomcat.TomcatWebServer ] : Tomcat started on port(s): 8008 (http) with context path ''
2023-03-22 10:08:26.286-0400 [main]  INFO 8380 --- [a.s.c.CurrencyConverterApplicationKt    ] : Started CurrencyConverterApplicationKt in 17.527 seconds (JVM running for 18.979)
2023-03-22 10:11:53.981-0400 [http-nio-8008-exec-1]  WARN 8380 --- [o.keycloak.adapters.KeycloakDeployment  ] : Failed to load URLs from http://localhost:8080/realms/software/.well-known/openid-configuration

org.apache.http.conn.HttpHostConnectException: Connect to localhost:8080 [localhost/127.0.0.1] failed: Connection refused
	at org.apache.http.impl.conn.DefaultHttpClientConnectionOperator.connect(DefaultHttpClientConnectionOperator.java:156)
	at org.apache.http.impl.conn.PoolingHttpClientConnectionManager.connect(PoolingHttpClientConnectionManager.java:376)
	at org.apache.http.impl.execchain.MainClientExec.establishRoute(MainClientExec.java:393)
	at org.apache.http.impl.execchain.MainClientExec.execute(MainClientExec.java:236)
	at org.apache.http.impl.execchain.ProtocolExec.execute(ProtocolExec.java:186)
	at org.apache.http.impl.execchain.RetryExec.execute(RetryExec.java:89)
	at org.apache.http.impl.execchain.RedirectExec.execute(RedirectExec.java:110)
	at org.apache.http.impl.client.InternalHttpClient.doExecute(InternalHttpClient.java:185)
	at org.apache.http.impl.client.CloseableHttpClient.execute(CloseableHttpClient.java:83)
	at org.apache.http.impl.client.CloseableHttpClient.execute(CloseableHttpClient.java:108)
	at org.apache.http.impl.client.CloseableHttpClient.execute(CloseableHttpClient.java:56)
	at org.keycloak.adapters.KeycloakDeployment.getOidcConfiguration(KeycloakDeployment.java:230)
	at org.keycloak.adapters.KeycloakDeployment.resolveUrls(KeycloakDeployment.java:182)
	at org.keycloak.adapters.KeycloakDeployment.getAuthUrl(KeycloakDeployment.java:251)
	at org.keycloak.adapters.OAuthRequestAuthenticator.getRedirectUri(OAuthRequestAuthenticator.java:175)
	at org.keycloak.adapters.OAuthRequestAuthenticator.loginRedirect(OAuthRequestAuthenticator.java:213)
	at org.keycloak.adapters.OAuthRequestAuthenticator.authenticate(OAuthRequestAuthenticator.java:275)
	at org.keycloak.adapters.RequestAuthenticator.authenticate(RequestAuthenticator.java:138)
	at org.keycloak.adapters.tomcat.AbstractKeycloakAuthenticatorValve.authenticateInternal(AbstractKeycloakAuthenticatorValve.java:203)
	at org.keycloak.adapters.tomcat.KeycloakAuthenticatorValve.authenticate(KeycloakAuthenticatorValve.java:50)
	at org.keycloak.adapters.tomcat.KeycloakAuthenticatorValve.doAuthenticate(KeycloakAuthenticatorValve.java:57)
	at org.apache.catalina.authenticator.AuthenticatorBase.invoke(AuthenticatorBase.java:625)
	at org.keycloak.adapters.tomcat.AbstractKeycloakAuthenticatorValve.invoke(AbstractKeycloakAuthenticatorValve.java:181)
	at org.apache.catalina.core.StandardHostValve.invoke(StandardHostValve.java:135)
	at org.apache.catalina.valves.ErrorReportValve.invoke(ErrorReportValve.java:92)
	at org.apache.catalina.core.StandardEngineValve.invoke(StandardEngineValve.java:78)
	at org.apache.catalina.connector.CoyoteAdapter.service(CoyoteAdapter.java:360)
	at org.apache.coyote.http11.Http11Processor.service(Http11Processor.java:399)
	at org.apache.coyote.AbstractProcessorLight.process(AbstractProcessorLight.java:65)
	at org.apache.coyote.AbstractProtocol$ConnectionHandler.process(AbstractProtocol.java:891)
	at org.apache.tomcat.util.net.NioEndpoint$SocketProcessor.doRun(NioEndpoint.java:1784)
	at org.apache.tomcat.util.net.SocketProcessorBase.run(SocketProcessorBase.java:49)
	at org.apache.tomcat.util.threads.ThreadPoolExecutor.runWorker(ThreadPoolExecutor.java:1191)
	at org.apache.tomcat.util.threads.ThreadPoolExecutor$Worker.run(ThreadPoolExecutor.java:659)
	at org.apache.tomcat.util.threads.TaskThread$WrappingRunnable.run(TaskThread.java:61)
	at java.base/java.lang.Thread.run(Thread.java:833)
Caused by: java.net.ConnectException: Connection refused
	at java.base/sun.nio.ch.Net.connect0(Native Method)
	at java.base/sun.nio.ch.Net.connect(Net.java:579)
	at java.base/sun.nio.ch.Net.connect(Net.java:568)
	at java.base/sun.nio.ch.NioSocketImpl.connect(NioSocketImpl.java:588)
	at java.base/java.net.SocksSocketImpl.connect(SocksSocketImpl.java:327)
	at java.base/java.net.Socket.connect(Socket.java:639)
	at org.apache.http.conn.socket.PlainConnectionSocketFactory.connectSocket(PlainConnectionSocketFactory.java:75)
	at org.apache.http.impl.conn.DefaultHttpClientConnectionOperator.connect(DefaultHttpClientConnectionOperator.java:142)
	... 35 common frames omitted

2023-03-22 10:11:53.983-0400 [http-nio-8008-exec-1] ERROR 8380 --- [o.a.c.c.C.[Tomcat].[localhost]          ] : Exception Processing /api/currency/paginas

java.lang.NullPointerException: Cannot invoke "org.keycloak.common.util.KeycloakUriBuilder.clone()" because the return value of "org.keycloak.adapters.KeycloakDeployment.getAuthUrl()" is null
	at org.keycloak.adapters.OAuthRequestAuthenticator.getRedirectUri(OAuthRequestAuthenticator.java:175)
	at org.keycloak.adapters.OAuthRequestAuthenticator.loginRedirect(OAuthRequestAuthenticator.java:213)
	at org.keycloak.adapters.OAuthRequestAuthenticator.authenticate(OAuthRequestAuthenticator.java:275)
	at org.keycloak.adapters.RequestAuthenticator.authenticate(RequestAuthenticator.java:138)
	at org.keycloak.adapters.tomcat.AbstractKeycloakAuthenticatorValve.authenticateInternal(AbstractKeycloakAuthenticatorValve.java:203)
	at org.keycloak.adapters.tomcat.KeycloakAuthenticatorValve.authenticate(KeycloakAuthenticatorValve.java:50)
	at org.keycloak.adapters.tomcat.KeycloakAuthenticatorValve.doAuthenticate(KeycloakAuthenticatorValve.java:57)
	at org.apache.catalina.authenticator.AuthenticatorBase.invoke(AuthenticatorBase.java:625)
	at org.keycloak.adapters.tomcat.AbstractKeycloakAuthenticatorValve.invoke(AbstractKeycloakAuthenticatorValve.java:181)
	at org.apache.catalina.core.StandardHostValve.invoke(StandardHostValve.java:135)
	at org.apache.catalina.valves.ErrorReportValve.invoke(ErrorReportValve.java:92)
	at org.apache.catalina.core.StandardEngineValve.invoke(StandardEngineValve.java:78)
	at org.apache.catalina.connector.CoyoteAdapter.service(CoyoteAdapter.java:360)
	at org.apache.coyote.http11.Http11Processor.service(Http11Processor.java:399)
	at org.apache.coyote.AbstractProcessorLight.process(AbstractProcessorLight.java:65)
	at org.apache.coyote.AbstractProtocol$ConnectionHandler.process(AbstractProtocol.java:891)
	at org.apache.tomcat.util.net.NioEndpoint$SocketProcessor.doRun(NioEndpoint.java:1784)
	at org.apache.tomcat.util.net.SocketProcessorBase.run(SocketProcessorBase.java:49)
	at org.apache.tomcat.util.threads.ThreadPoolExecutor.runWorker(ThreadPoolExecutor.java:1191)
	at org.apache.tomcat.util.threads.ThreadPoolExecutor$Worker.run(ThreadPoolExecutor.java:659)
	at org.apache.tomcat.util.threads.TaskThread$WrappingRunnable.run(TaskThread.java:61)
	at java.base/java.lang.Thread.run(Thread.java:833)

2023-03-22 10:11:54.030-0400 [http-nio-8008-exec-1]  INFO 8380 --- [o.a.c.c.C.[Tomcat].[localhost].[/]      ] : Initializing Spring DispatcherServlet 'dispatcherServlet'
2023-03-22 10:11:54.030-0400 [http-nio-8008-exec-1]  INFO 8380 --- [o.s.web.servlet.DispatcherServlet       ] : Initializing Servlet 'dispatcherServlet'
2023-03-22 10:11:54.032-0400 [http-nio-8008-exec-1]  INFO 8380 --- [o.s.web.servlet.DispatcherServlet       ] : Completed initialization in 2 ms
2023-03-22 10:17:24.618-0400 [http-nio-8008-exec-2]  WARN 8380 --- [o.keycloak.adapters.KeycloakDeployment  ] : Failed to load URLs from http://localhost:8080/realms/software/.well-known/openid-configuration

org.apache.http.conn.HttpHostConnectException: Connect to localhost:8080 [localhost/127.0.0.1] failed: Connection refused
	at org.apache.http.impl.conn.DefaultHttpClientConnectionOperator.connect(DefaultHttpClientConnectionOperator.java:156)
	at org.apache.http.impl.conn.PoolingHttpClientConnectionManager.connect(PoolingHttpClientConnectionManager.java:376)
	at org.apache.http.impl.execchain.MainClientExec.establishRoute(MainClientExec.java:393)
	at org.apache.http.impl.execchain.MainClientExec.execute(MainClientExec.java:236)
	at org.apache.http.impl.execchain.ProtocolExec.execute(ProtocolExec.java:186)
	at org.apache.http.impl.execchain.RetryExec.execute(RetryExec.java:89)
	at org.apache.http.impl.execchain.RedirectExec.execute(RedirectExec.java:110)
	at org.apache.http.impl.client.InternalHttpClient.doExecute(InternalHttpClient.java:185)
	at org.apache.http.impl.client.CloseableHttpClient.execute(CloseableHttpClient.java:83)
	at org.apache.http.impl.client.CloseableHttpClient.execute(CloseableHttpClient.java:108)
	at org.apache.http.impl.client.CloseableHttpClient.execute(CloseableHttpClient.java:56)
	at org.keycloak.adapters.KeycloakDeployment.getOidcConfiguration(KeycloakDeployment.java:230)
	at org.keycloak.adapters.KeycloakDeployment.resolveUrls(KeycloakDeployment.java:182)
	at org.keycloak.adapters.KeycloakDeployment.getAuthUrl(KeycloakDeployment.java:251)
	at org.keycloak.adapters.OAuthRequestAuthenticator.getRedirectUri(OAuthRequestAuthenticator.java:175)
	at org.keycloak.adapters.OAuthRequestAuthenticator.loginRedirect(OAuthRequestAuthenticator.java:213)
	at org.keycloak.adapters.OAuthRequestAuthenticator.authenticate(OAuthRequestAuthenticator.java:275)
	at org.keycloak.adapters.RequestAuthenticator.authenticate(RequestAuthenticator.java:138)
	at org.keycloak.adapters.tomcat.AbstractKeycloakAuthenticatorValve.authenticateInternal(AbstractKeycloakAuthenticatorValve.java:203)
	at org.keycloak.adapters.tomcat.KeycloakAuthenticatorValve.authenticate(KeycloakAuthenticatorValve.java:50)
	at org.keycloak.adapters.tomcat.KeycloakAuthenticatorValve.doAuthenticate(KeycloakAuthenticatorValve.java:57)
	at org.apache.catalina.authenticator.AuthenticatorBase.invoke(AuthenticatorBase.java:625)
	at org.keycloak.adapters.tomcat.AbstractKeycloakAuthenticatorValve.invoke(AbstractKeycloakAuthenticatorValve.java:181)
	at org.apache.catalina.core.StandardHostValve.invoke(StandardHostValve.java:135)
	at org.apache.catalina.valves.ErrorReportValve.invoke(ErrorReportValve.java:92)
	at org.apache.catalina.core.StandardEngineValve.invoke(StandardEngineValve.java:78)
	at org.apache.catalina.connector.CoyoteAdapter.service(CoyoteAdapter.java:360)
	at org.apache.coyote.http11.Http11Processor.service(Http11Processor.java:399)
	at org.apache.coyote.AbstractProcessorLight.process(AbstractProcessorLight.java:65)
	at org.apache.coyote.AbstractProtocol$ConnectionHandler.process(AbstractProtocol.java:891)
	at org.apache.tomcat.util.net.NioEndpoint$SocketProcessor.doRun(NioEndpoint.java:1784)
	at org.apache.tomcat.util.net.SocketProcessorBase.run(SocketProcessorBase.java:49)
	at org.apache.tomcat.util.threads.ThreadPoolExecutor.runWorker(ThreadPoolExecutor.java:1191)
	at org.apache.tomcat.util.threads.ThreadPoolExecutor$Worker.run(ThreadPoolExecutor.java:659)
	at org.apache.tomcat.util.threads.TaskThread$WrappingRunnable.run(TaskThread.java:61)
	at java.base/java.lang.Thread.run(Thread.java:833)
Caused by: java.net.ConnectException: Connection refused
	at java.base/sun.nio.ch.Net.connect0(Native Method)
	at java.base/sun.nio.ch.Net.connect(Net.java:579)
	at java.base/sun.nio.ch.Net.connect(Net.java:568)
	at java.base/sun.nio.ch.NioSocketImpl.connect(NioSocketImpl.java:588)
	at java.base/java.net.SocksSocketImpl.connect(SocksSocketImpl.java:327)
	at java.base/java.net.Socket.connect(Socket.java:639)
	at org.apache.http.conn.socket.PlainConnectionSocketFactory.connectSocket(PlainConnectionSocketFactory.java:75)
	at org.apache.http.impl.conn.DefaultHttpClientConnectionOperator.connect(DefaultHttpClientConnectionOperator.java:142)
	... 35 common frames omitted

2023-03-22 10:17:24.691-0400 [http-nio-8008-exec-2] ERROR 8380 --- [o.a.c.c.C.[Tomcat].[localhost]          ] : Exception Processing /api/currency/paginas

java.lang.NullPointerException: Cannot invoke "org.keycloak.common.util.KeycloakUriBuilder.clone()" because the return value of "org.keycloak.adapters.KeycloakDeployment.getAuthUrl()" is null
	at org.keycloak.adapters.OAuthRequestAuthenticator.getRedirectUri(OAuthRequestAuthenticator.java:175)
	at org.keycloak.adapters.OAuthRequestAuthenticator.loginRedirect(OAuthRequestAuthenticator.java:213)
	at org.keycloak.adapters.OAuthRequestAuthenticator.authenticate(OAuthRequestAuthenticator.java:275)
	at org.keycloak.adapters.RequestAuthenticator.authenticate(RequestAuthenticator.java:138)
	at org.keycloak.adapters.tomcat.AbstractKeycloakAuthenticatorValve.authenticateInternal(AbstractKeycloakAuthenticatorValve.java:203)
	at org.keycloak.adapters.tomcat.KeycloakAuthenticatorValve.authenticate(KeycloakAuthenticatorValve.java:50)
	at org.keycloak.adapters.tomcat.KeycloakAuthenticatorValve.doAuthenticate(KeycloakAuthenticatorValve.java:57)
	at org.apache.catalina.authenticator.AuthenticatorBase.invoke(AuthenticatorBase.java:625)
	at org.keycloak.adapters.tomcat.AbstractKeycloakAuthenticatorValve.invoke(AbstractKeycloakAuthenticatorValve.java:181)
	at org.apache.catalina.core.StandardHostValve.invoke(StandardHostValve.java:135)
	at org.apache.catalina.valves.ErrorReportValve.invoke(ErrorReportValve.java:92)
	at org.apache.catalina.core.StandardEngineValve.invoke(StandardEngineValve.java:78)
	at org.apache.catalina.connector.CoyoteAdapter.service(CoyoteAdapter.java:360)
	at org.apache.coyote.http11.Http11Processor.service(Http11Processor.java:399)
	at org.apache.coyote.AbstractProcessorLight.process(AbstractProcessorLight.java:65)
	at org.apache.coyote.AbstractProtocol$ConnectionHandler.process(AbstractProtocol.java:891)
	at org.apache.tomcat.util.net.NioEndpoint$SocketProcessor.doRun(NioEndpoint.java:1784)
	at org.apache.tomcat.util.net.SocketProcessorBase.run(SocketProcessorBase.java:49)
	at org.apache.tomcat.util.threads.ThreadPoolExecutor.runWorker(ThreadPoolExecutor.java:1191)
	at org.apache.tomcat.util.threads.ThreadPoolExecutor$Worker.run(ThreadPoolExecutor.java:659)
	at org.apache.tomcat.util.threads.TaskThread$WrappingRunnable.run(TaskThread.java:61)
	at java.base/java.lang.Thread.run(Thread.java:833)

2023-03-22 10:17:54.750-0400 [http-nio-8008-exec-3]  WARN 8380 --- [o.keycloak.adapters.KeycloakDeployment  ] : Failed to load URLs from http://localhost:8080/realms/software/.well-known/openid-configuration

org.apache.http.conn.HttpHostConnectException: Connect to localhost:8080 [localhost/127.0.0.1] failed: Connection refused
	at org.apache.http.impl.conn.DefaultHttpClientConnectionOperator.connect(DefaultHttpClientConnectionOperator.java:156)
	at org.apache.http.impl.conn.PoolingHttpClientConnectionManager.connect(PoolingHttpClientConnectionManager.java:376)
	at org.apache.http.impl.execchain.MainClientExec.establishRoute(MainClientExec.java:393)
	at org.apache.http.impl.execchain.MainClientExec.execute(MainClientExec.java:236)
	at org.apache.http.impl.execchain.ProtocolExec.execute(ProtocolExec.java:186)
	at org.apache.http.impl.execchain.RetryExec.execute(RetryExec.java:89)
	at org.apache.http.impl.execchain.RedirectExec.execute(RedirectExec.java:110)
	at org.apache.http.impl.client.InternalHttpClient.doExecute(InternalHttpClient.java:185)
	at org.apache.http.impl.client.CloseableHttpClient.execute(CloseableHttpClient.java:83)
	at org.apache.http.impl.client.CloseableHttpClient.execute(CloseableHttpClient.java:108)
	at org.apache.http.impl.client.CloseableHttpClient.execute(CloseableHttpClient.java:56)
	at org.keycloak.adapters.KeycloakDeployment.getOidcConfiguration(KeycloakDeployment.java:230)
	at org.keycloak.adapters.KeycloakDeployment.resolveUrls(KeycloakDeployment.java:182)
	at org.keycloak.adapters.KeycloakDeployment.getAuthUrl(KeycloakDeployment.java:251)
	at org.keycloak.adapters.OAuthRequestAuthenticator.getRedirectUri(OAuthRequestAuthenticator.java:175)
	at org.keycloak.adapters.OAuthRequestAuthenticator.loginRedirect(OAuthRequestAuthenticator.java:213)
	at org.keycloak.adapters.OAuthRequestAuthenticator.authenticate(OAuthRequestAuthenticator.java:275)
	at org.keycloak.adapters.RequestAuthenticator.authenticate(RequestAuthenticator.java:138)
	at org.keycloak.adapters.tomcat.AbstractKeycloakAuthenticatorValve.authenticateInternal(AbstractKeycloakAuthenticatorValve.java:203)
	at org.keycloak.adapters.tomcat.KeycloakAuthenticatorValve.authenticate(KeycloakAuthenticatorValve.java:50)
	at org.keycloak.adapters.tomcat.KeycloakAuthenticatorValve.doAuthenticate(KeycloakAuthenticatorValve.java:57)
	at org.apache.catalina.authenticator.AuthenticatorBase.invoke(AuthenticatorBase.java:625)
	at org.keycloak.adapters.tomcat.AbstractKeycloakAuthenticatorValve.invoke(AbstractKeycloakAuthenticatorValve.java:181)
	at org.apache.catalina.core.StandardHostValve.invoke(StandardHostValve.java:135)
	at org.apache.catalina.valves.ErrorReportValve.invoke(ErrorReportValve.java:92)
	at org.apache.catalina.core.StandardEngineValve.invoke(StandardEngineValve.java:78)
	at org.apache.catalina.connector.CoyoteAdapter.service(CoyoteAdapter.java:360)
	at org.apache.coyote.http11.Http11Processor.service(Http11Processor.java:399)
	at org.apache.coyote.AbstractProcessorLight.process(AbstractProcessorLight.java:65)
	at org.apache.coyote.AbstractProtocol$ConnectionHandler.process(AbstractProtocol.java:891)
	at org.apache.tomcat.util.net.NioEndpoint$SocketProcessor.doRun(NioEndpoint.java:1784)
	at org.apache.tomcat.util.net.SocketProcessorBase.run(SocketProcessorBase.java:49)
	at org.apache.tomcat.util.threads.ThreadPoolExecutor.runWorker(ThreadPoolExecutor.java:1191)
	at org.apache.tomcat.util.threads.ThreadPoolExecutor$Worker.run(ThreadPoolExecutor.java:659)
	at org.apache.tomcat.util.threads.TaskThread$WrappingRunnable.run(TaskThread.java:61)
	at java.base/java.lang.Thread.run(Thread.java:833)
Caused by: java.net.ConnectException: Connection refused
	at java.base/sun.nio.ch.Net.connect0(Native Method)
	at java.base/sun.nio.ch.Net.connect(Net.java:579)
	at java.base/sun.nio.ch.Net.connect(Net.java:568)
	at java.base/sun.nio.ch.NioSocketImpl.connect(NioSocketImpl.java:588)
	at java.base/java.net.SocksSocketImpl.connect(SocksSocketImpl.java:327)
	at java.base/java.net.Socket.connect(Socket.java:639)
	at org.apache.http.conn.socket.PlainConnectionSocketFactory.connectSocket(PlainConnectionSocketFactory.java:75)
	at org.apache.http.impl.conn.DefaultHttpClientConnectionOperator.connect(DefaultHttpClientConnectionOperator.java:142)
	... 35 common frames omitted

2023-03-22 10:17:54.756-0400 [http-nio-8008-exec-3] ERROR 8380 --- [o.a.c.c.C.[Tomcat].[localhost]          ] : Exception Processing /api/currency/paginas

java.lang.NullPointerException: Cannot invoke "org.keycloak.common.util.KeycloakUriBuilder.clone()" because the return value of "org.keycloak.adapters.KeycloakDeployment.getAuthUrl()" is null
	at org.keycloak.adapters.OAuthRequestAuthenticator.getRedirectUri(OAuthRequestAuthenticator.java:175)
	at org.keycloak.adapters.OAuthRequestAuthenticator.loginRedirect(OAuthRequestAuthenticator.java:213)
	at org.keycloak.adapters.OAuthRequestAuthenticator.authenticate(OAuthRequestAuthenticator.java:275)
	at org.keycloak.adapters.RequestAuthenticator.authenticate(RequestAuthenticator.java:138)
	at org.keycloak.adapters.tomcat.AbstractKeycloakAuthenticatorValve.authenticateInternal(AbstractKeycloakAuthenticatorValve.java:203)
	at org.keycloak.adapters.tomcat.KeycloakAuthenticatorValve.authenticate(KeycloakAuthenticatorValve.java:50)
	at org.keycloak.adapters.tomcat.KeycloakAuthenticatorValve.doAuthenticate(KeycloakAuthenticatorValve.java:57)
	at org.apache.catalina.authenticator.AuthenticatorBase.invoke(AuthenticatorBase.java:625)
	at org.keycloak.adapters.tomcat.AbstractKeycloakAuthenticatorValve.invoke(AbstractKeycloakAuthenticatorValve.java:181)
	at org.apache.catalina.core.StandardHostValve.invoke(StandardHostValve.java:135)
	at org.apache.catalina.valves.ErrorReportValve.invoke(ErrorReportValve.java:92)
	at org.apache.catalina.core.StandardEngineValve.invoke(StandardEngineValve.java:78)
	at org.apache.catalina.connector.CoyoteAdapter.service(CoyoteAdapter.java:360)
	at org.apache.coyote.http11.Http11Processor.service(Http11Processor.java:399)
	at org.apache.coyote.AbstractProcessorLight.process(AbstractProcessorLight.java:65)
	at org.apache.coyote.AbstractProtocol$ConnectionHandler.process(AbstractProtocol.java:891)
	at org.apache.tomcat.util.net.NioEndpoint$SocketProcessor.doRun(NioEndpoint.java:1784)
	at org.apache.tomcat.util.net.SocketProcessorBase.run(SocketProcessorBase.java:49)
	at org.apache.tomcat.util.threads.ThreadPoolExecutor.runWorker(ThreadPoolExecutor.java:1191)
	at org.apache.tomcat.util.threads.ThreadPoolExecutor$Worker.run(ThreadPoolExecutor.java:659)
	at org.apache.tomcat.util.threads.TaskThread$WrappingRunnable.run(TaskThread.java:61)
	at java.base/java.lang.Thread.run(Thread.java:833)

2023-03-22 10:22:02.155-0400 [SpringApplicationShutdownHook]  INFO 8380 --- [j.LocalContainerEntityManagerFactoryBean] : Closing JPA EntityManagerFactory for persistence unit 'default'
2023-03-22 10:22:52.468-0400 [main]  INFO 18136 --- [a.s.c.CurrencyConverterApplicationKt    ] : Starting CurrencyConverterApplicationKt using Java 17.0.5 on ale-Satellite-M645 with PID 18136 (/home/ale/Documents/ArquitecturaSoftware/currency-converter/target/classes started by root in /home/ale/Documents/ArquitecturaSoftware/currency-converter)
2023-03-22 10:22:52.474-0400 [main]  INFO 18136 --- [a.s.c.CurrencyConverterApplicationKt    ] : No active profile set, falling back to 1 default profile: "default"
2023-03-22 10:22:55.558-0400 [main]  INFO 18136 --- [.s.d.r.c.RepositoryConfigurationDelegate] : Bootstrapping Spring Data JPA repositories in DEFAULT mode.
2023-03-22 10:22:55.716-0400 [main]  INFO 18136 --- [.s.d.r.c.RepositoryConfigurationDelegate] : Finished Spring Data repository scanning in 121 ms. Found 1 JPA repository interfaces.
2023-03-22 10:22:58.287-0400 [main]  INFO 18136 --- [o.s.b.w.embedded.tomcat.TomcatWebServer ] : Tomcat initialized with port(s): 8008 (http)
2023-03-22 10:22:58.335-0400 [main]  INFO 18136 --- [o.apache.catalina.core.StandardService  ] : Starting service [Tomcat]
2023-03-22 10:22:58.336-0400 [main]  INFO 18136 --- [org.apache.catalina.core.StandardEngine ] : Starting Servlet engine: [Apache Tomcat/9.0.71]
2023-03-22 10:22:58.544-0400 [main]  INFO 18136 --- [o.a.c.c.C.[Tomcat].[localhost].[/]      ] : Initializing Spring embedded WebApplicationContext
2023-03-22 10:22:58.545-0400 [main]  INFO 18136 --- [w.s.c.ServletWebServerApplicationContext] : Root WebApplicationContext: initialization completed in 5846 ms
2023-03-22 10:22:59.268-0400 [main]  INFO 18136 --- [o.hibernate.jpa.internal.util.LogHelper ] : HHH000204: Processing PersistenceUnitInfo [name: default]
2023-03-22 10:22:59.519-0400 [main]  INFO 18136 --- [org.hibernate.Version                   ] : HHH000412: Hibernate ORM core version 5.6.15.Final
2023-03-22 10:22:59.992-0400 [main]  INFO 18136 --- [o.hibernate.annotations.common.Version  ] : HCANN000001: Hibernate Commons Annotations {5.1.2.Final}
2023-03-22 10:23:01.205-0400 [main]  INFO 18136 --- [org.hibernate.dialect.Dialect           ] : HHH000400: Using dialect: org.hibernate.dialect.PostgreSQL10Dialect
2023-03-22 10:23:02.286-0400 [main]  INFO 18136 --- [o.h.e.t.j.p.i.JtaPlatformInitiator      ] : HHH000490: Using JtaPlatform implementation: [org.hibernate.engine.transaction.jta.platform.internal.NoJtaPlatform]
2023-03-22 10:23:02.380-0400 [main]  INFO 18136 --- [j.LocalContainerEntityManagerFactoryBean] : Initialized JPA EntityManagerFactory for persistence unit 'default'
2023-03-22 10:23:03.248-0400 [main]  WARN 18136 --- [JpaBaseConfiguration$JpaWebConfiguration] : spring.jpa.open-in-view is enabled by default. Therefore, database queries may be performed during view rendering. Explicitly configure spring.jpa.open-in-view to disable this warning
2023-03-22 10:23:05.007-0400 [main]  INFO 18136 --- [o.s.b.w.embedded.tomcat.TomcatWebServer ] : Tomcat started on port(s): 8008 (http) with context path ''
2023-03-22 10:23:05.029-0400 [main]  INFO 18136 --- [a.s.c.CurrencyConverterApplicationKt    ] : Started CurrencyConverterApplicationKt in 14.497 seconds (JVM running for 15.574)
2023-03-22 10:23:11.472-0400 [http-nio-8008-exec-1] ERROR 18136 --- [o.a.c.c.C.[Tomcat].[localhost]          ] : Exception Processing /api/currency/paginas

java.lang.RuntimeException: Must set 'realm' in config
	at org.keycloak.adapters.KeycloakDeploymentBuilder.internalBuild(KeycloakDeploymentBuilder.java:58)
	at org.keycloak.adapters.KeycloakDeploymentBuilder.build(KeycloakDeploymentBuilder.java:205)
	at org.keycloak.adapters.springboot.KeycloakSpringBootConfigResolver.resolve(KeycloakSpringBootConfigResolver.java:41)
	at org.keycloak.adapters.springsecurity.config.KeycloakSpringConfigResolverWrapper.resolve(KeycloakSpringConfigResolverWrapper.java:40)
	at org.keycloak.adapters.AdapterDeploymentContext.resolveDeployment(AdapterDeploymentContext.java:89)
	at org.keycloak.adapters.PreAuthActionsHandler.preflightCors(PreAuthActionsHandler.java:100)
	at org.keycloak.adapters.PreAuthActionsHandler.handleRequest(PreAuthActionsHandler.java:75)
	at org.keycloak.adapters.tomcat.AbstractKeycloakAuthenticatorValve.invoke(AbstractKeycloakAuthenticatorValve.java:177)
	at org.apache.catalina.core.StandardHostValve.invoke(StandardHostValve.java:135)
	at org.apache.catalina.valves.ErrorReportValve.invoke(ErrorReportValve.java:92)
	at org.apache.catalina.core.StandardEngineValve.invoke(StandardEngineValve.java:78)
	at org.apache.catalina.connector.CoyoteAdapter.service(CoyoteAdapter.java:360)
	at org.apache.coyote.http11.Http11Processor.service(Http11Processor.java:399)
	at org.apache.coyote.AbstractProcessorLight.process(AbstractProcessorLight.java:65)
	at org.apache.coyote.AbstractProtocol$ConnectionHandler.process(AbstractProtocol.java:891)
	at org.apache.tomcat.util.net.NioEndpoint$SocketProcessor.doRun(NioEndpoint.java:1784)
	at org.apache.tomcat.util.net.SocketProcessorBase.run(SocketProcessorBase.java:49)
	at org.apache.tomcat.util.threads.ThreadPoolExecutor.runWorker(ThreadPoolExecutor.java:1191)
	at org.apache.tomcat.util.threads.ThreadPoolExecutor$Worker.run(ThreadPoolExecutor.java:659)
	at org.apache.tomcat.util.threads.TaskThread$WrappingRunnable.run(TaskThread.java:61)
	at java.base/java.lang.Thread.run(Thread.java:833)

2023-03-22 10:23:11.490-0400 [http-nio-8008-exec-1]  INFO 18136 --- [o.a.c.c.C.[Tomcat].[localhost].[/]      ] : Initializing Spring DispatcherServlet 'dispatcherServlet'
2023-03-22 10:23:11.491-0400 [http-nio-8008-exec-1]  INFO 18136 --- [o.s.web.servlet.DispatcherServlet       ] : Initializing Servlet 'dispatcherServlet'
2023-03-22 10:23:11.494-0400 [http-nio-8008-exec-1]  INFO 18136 --- [o.s.web.servlet.DispatcherServlet       ] : Completed initialization in 3 ms
2023-03-22 10:24:29.340-0400 [http-nio-8008-exec-2] ERROR 18136 --- [o.a.c.c.C.[Tomcat].[localhost]          ] : Exception Processing /api/currency/paginas

java.lang.RuntimeException: Must set 'realm' in config
	at org.keycloak.adapters.KeycloakDeploymentBuilder.internalBuild(KeycloakDeploymentBuilder.java:58)
	at org.keycloak.adapters.KeycloakDeploymentBuilder.build(KeycloakDeploymentBuilder.java:205)
	at org.keycloak.adapters.springboot.KeycloakSpringBootConfigResolver.resolve(KeycloakSpringBootConfigResolver.java:41)
	at org.keycloak.adapters.springsecurity.config.KeycloakSpringConfigResolverWrapper.resolve(KeycloakSpringConfigResolverWrapper.java:40)
	at org.keycloak.adapters.AdapterDeploymentContext.resolveDeployment(AdapterDeploymentContext.java:89)
	at org.keycloak.adapters.PreAuthActionsHandler.preflightCors(PreAuthActionsHandler.java:100)
	at org.keycloak.adapters.PreAuthActionsHandler.handleRequest(PreAuthActionsHandler.java:75)
	at org.keycloak.adapters.tomcat.AbstractKeycloakAuthenticatorValve.invoke(AbstractKeycloakAuthenticatorValve.java:177)
	at org.apache.catalina.core.StandardHostValve.invoke(StandardHostValve.java:135)
	at org.apache.catalina.valves.ErrorReportValve.invoke(ErrorReportValve.java:92)
	at org.apache.catalina.core.StandardEngineValve.invoke(StandardEngineValve.java:78)
	at org.apache.catalina.connector.CoyoteAdapter.service(CoyoteAdapter.java:360)
	at org.apache.coyote.http11.Http11Processor.service(Http11Processor.java:399)
	at org.apache.coyote.AbstractProcessorLight.process(AbstractProcessorLight.java:65)
	at org.apache.coyote.AbstractProtocol$ConnectionHandler.process(AbstractProtocol.java:891)
	at org.apache.tomcat.util.net.NioEndpoint$SocketProcessor.doRun(NioEndpoint.java:1784)
	at org.apache.tomcat.util.net.SocketProcessorBase.run(SocketProcessorBase.java:49)
	at org.apache.tomcat.util.threads.ThreadPoolExecutor.runWorker(ThreadPoolExecutor.java:1191)
	at org.apache.tomcat.util.threads.ThreadPoolExecutor$Worker.run(ThreadPoolExecutor.java:659)
	at org.apache.tomcat.util.threads.TaskThread$WrappingRunnable.run(TaskThread.java:61)
	at java.base/java.lang.Thread.run(Thread.java:833)

2023-03-22 10:26:22.747-0400 [http-nio-8008-exec-3] ERROR 18136 --- [o.a.c.c.C.[Tomcat].[localhost]          ] : Exception Processing /api/currency/exchange

java.lang.RuntimeException: Must set 'realm' in config
	at org.keycloak.adapters.KeycloakDeploymentBuilder.internalBuild(KeycloakDeploymentBuilder.java:58)
	at org.keycloak.adapters.KeycloakDeploymentBuilder.build(KeycloakDeploymentBuilder.java:205)
	at org.keycloak.adapters.springboot.KeycloakSpringBootConfigResolver.resolve(KeycloakSpringBootConfigResolver.java:41)
	at org.keycloak.adapters.springsecurity.config.KeycloakSpringConfigResolverWrapper.resolve(KeycloakSpringConfigResolverWrapper.java:40)
	at org.keycloak.adapters.AdapterDeploymentContext.resolveDeployment(AdapterDeploymentContext.java:89)
	at org.keycloak.adapters.PreAuthActionsHandler.preflightCors(PreAuthActionsHandler.java:100)
	at org.keycloak.adapters.PreAuthActionsHandler.handleRequest(PreAuthActionsHandler.java:75)
	at org.keycloak.adapters.tomcat.AbstractKeycloakAuthenticatorValve.invoke(AbstractKeycloakAuthenticatorValve.java:177)
	at org.apache.catalina.core.StandardHostValve.invoke(StandardHostValve.java:135)
	at org.apache.catalina.valves.ErrorReportValve.invoke(ErrorReportValve.java:92)
	at org.apache.catalina.core.StandardEngineValve.invoke(StandardEngineValve.java:78)
	at org.apache.catalina.connector.CoyoteAdapter.service(CoyoteAdapter.java:360)
	at org.apache.coyote.http11.Http11Processor.service(Http11Processor.java:399)
	at org.apache.coyote.AbstractProcessorLight.process(AbstractProcessorLight.java:65)
	at org.apache.coyote.AbstractProtocol$ConnectionHandler.process(AbstractProtocol.java:891)
	at org.apache.tomcat.util.net.NioEndpoint$SocketProcessor.doRun(NioEndpoint.java:1784)
	at org.apache.tomcat.util.net.SocketProcessorBase.run(SocketProcessorBase.java:49)
	at org.apache.tomcat.util.threads.ThreadPoolExecutor.runWorker(ThreadPoolExecutor.java:1191)
	at org.apache.tomcat.util.threads.ThreadPoolExecutor$Worker.run(ThreadPoolExecutor.java:659)
	at org.apache.tomcat.util.threads.TaskThread$WrappingRunnable.run(TaskThread.java:61)
	at java.base/java.lang.Thread.run(Thread.java:833)

2023-03-22 10:30:28.645-0400 [SpringApplicationShutdownHook]  INFO 18136 --- [j.LocalContainerEntityManagerFactoryBean] : Closing JPA EntityManagerFactory for persistence unit 'default'
2023-03-22 10:31:01.055-0400 [main]  INFO 23103 --- [a.s.c.CurrencyConverterApplicationKt    ] : Starting CurrencyConverterApplicationKt using Java 17.0.5 on ale-Satellite-M645 with PID 23103 (/home/ale/Documents/ArquitecturaSoftware/currency-converter/target/classes started by root in /home/ale/Documents/ArquitecturaSoftware/currency-converter)
2023-03-22 10:31:01.061-0400 [main]  INFO 23103 --- [a.s.c.CurrencyConverterApplicationKt    ] : No active profile set, falling back to 1 default profile: "default"
2023-03-22 10:31:02.462-0400 [main]  INFO 23103 --- [.s.d.r.c.RepositoryConfigurationDelegate] : Bootstrapping Spring Data JPA repositories in DEFAULT mode.
2023-03-22 10:31:02.551-0400 [main]  INFO 23103 --- [.s.d.r.c.RepositoryConfigurationDelegate] : Finished Spring Data repository scanning in 69 ms. Found 1 JPA repository interfaces.
2023-03-22 10:31:03.830-0400 [main]  INFO 23103 --- [o.s.b.w.embedded.tomcat.TomcatWebServer ] : Tomcat initialized with port(s): 8008 (http)
2023-03-22 10:31:03.851-0400 [main]  INFO 23103 --- [o.apache.catalina.core.StandardService  ] : Starting service [Tomcat]
2023-03-22 10:31:03.852-0400 [main]  INFO 23103 --- [org.apache.catalina.core.StandardEngine ] : Starting Servlet engine: [Apache Tomcat/9.0.71]
2023-03-22 10:31:03.986-0400 [main]  INFO 23103 --- [o.a.c.c.C.[Tomcat].[localhost].[/]      ] : Initializing Spring embedded WebApplicationContext
2023-03-22 10:31:03.987-0400 [main]  INFO 23103 --- [w.s.c.ServletWebServerApplicationContext] : Root WebApplicationContext: initialization completed in 2787 ms
2023-03-22 10:31:04.376-0400 [main]  INFO 23103 --- [o.hibernate.jpa.internal.util.LogHelper ] : HHH000204: Processing PersistenceUnitInfo [name: default]
2023-03-22 10:31:04.486-0400 [main]  INFO 23103 --- [org.hibernate.Version                   ] : HHH000412: Hibernate ORM core version 5.6.15.Final
2023-03-22 10:31:04.733-0400 [main]  INFO 23103 --- [o.hibernate.annotations.common.Version  ] : HCANN000001: Hibernate Commons Annotations {5.1.2.Final}
2023-03-22 10:31:05.222-0400 [main]  INFO 23103 --- [org.hibernate.dialect.Dialect           ] : HHH000400: Using dialect: org.hibernate.dialect.PostgreSQL10Dialect
2023-03-22 10:31:05.982-0400 [main]  INFO 23103 --- [o.h.e.t.j.p.i.JtaPlatformInitiator      ] : HHH000490: Using JtaPlatform implementation: [org.hibernate.engine.transaction.jta.platform.internal.NoJtaPlatform]
2023-03-22 10:31:06.007-0400 [main]  INFO 23103 --- [j.LocalContainerEntityManagerFactoryBean] : Initialized JPA EntityManagerFactory for persistence unit 'default'
2023-03-22 10:31:06.937-0400 [main]  WARN 23103 --- [JpaBaseConfiguration$JpaWebConfiguration] : spring.jpa.open-in-view is enabled by default. Therefore, database queries may be performed during view rendering. Explicitly configure spring.jpa.open-in-view to disable this warning
2023-03-22 10:31:08.585-0400 [main]  INFO 23103 --- [o.s.b.w.embedded.tomcat.TomcatWebServer ] : Tomcat started on port(s): 8008 (http) with context path ''
2023-03-22 10:31:08.607-0400 [main]  INFO 23103 --- [a.s.c.CurrencyConverterApplicationKt    ] : Started CurrencyConverterApplicationKt in 8.468 seconds (JVM running for 9.126)
2023-03-22 10:31:15.767-0400 [http-nio-8008-exec-1] ERROR 23103 --- [o.a.c.c.C.[Tomcat].[localhost]          ] : Exception Processing /api/currency/paginas

java.lang.RuntimeException: Must set 'realm' in config
	at org.keycloak.adapters.KeycloakDeploymentBuilder.internalBuild(KeycloakDeploymentBuilder.java:58)
	at org.keycloak.adapters.KeycloakDeploymentBuilder.build(KeycloakDeploymentBuilder.java:205)
	at org.keycloak.adapters.springboot.KeycloakSpringBootConfigResolver.resolve(KeycloakSpringBootConfigResolver.java:41)
	at org.keycloak.adapters.springsecurity.config.KeycloakSpringConfigResolverWrapper.resolve(KeycloakSpringConfigResolverWrapper.java:40)
	at org.keycloak.adapters.AdapterDeploymentContext.resolveDeployment(AdapterDeploymentContext.java:89)
	at org.keycloak.adapters.PreAuthActionsHandler.preflightCors(PreAuthActionsHandler.java:100)
	at org.keycloak.adapters.PreAuthActionsHandler.handleRequest(PreAuthActionsHandler.java:75)
	at org.keycloak.adapters.tomcat.AbstractKeycloakAuthenticatorValve.invoke(AbstractKeycloakAuthenticatorValve.java:177)
	at org.apache.catalina.core.StandardHostValve.invoke(StandardHostValve.java:135)
	at org.apache.catalina.valves.ErrorReportValve.invoke(ErrorReportValve.java:92)
	at org.apache.catalina.core.StandardEngineValve.invoke(StandardEngineValve.java:78)
	at org.apache.catalina.connector.CoyoteAdapter.service(CoyoteAdapter.java:360)
	at org.apache.coyote.http11.Http11Processor.service(Http11Processor.java:399)
	at org.apache.coyote.AbstractProcessorLight.process(AbstractProcessorLight.java:65)
	at org.apache.coyote.AbstractProtocol$ConnectionHandler.process(AbstractProtocol.java:891)
	at org.apache.tomcat.util.net.NioEndpoint$SocketProcessor.doRun(NioEndpoint.java:1784)
	at org.apache.tomcat.util.net.SocketProcessorBase.run(SocketProcessorBase.java:49)
	at org.apache.tomcat.util.threads.ThreadPoolExecutor.runWorker(ThreadPoolExecutor.java:1191)
	at org.apache.tomcat.util.threads.ThreadPoolExecutor$Worker.run(ThreadPoolExecutor.java:659)
	at org.apache.tomcat.util.threads.TaskThread$WrappingRunnable.run(TaskThread.java:61)
	at java.base/java.lang.Thread.run(Thread.java:833)

2023-03-22 10:31:15.795-0400 [http-nio-8008-exec-1]  INFO 23103 --- [o.a.c.c.C.[Tomcat].[localhost].[/]      ] : Initializing Spring DispatcherServlet 'dispatcherServlet'
2023-03-22 10:31:15.796-0400 [http-nio-8008-exec-1]  INFO 23103 --- [o.s.web.servlet.DispatcherServlet       ] : Initializing Servlet 'dispatcherServlet'
2023-03-22 10:31:15.799-0400 [http-nio-8008-exec-1]  INFO 23103 --- [o.s.web.servlet.DispatcherServlet       ] : Completed initialization in 3 ms
2023-03-22 10:32:36.777-0400 [http-nio-8008-exec-2] ERROR 23103 --- [o.a.c.c.C.[Tomcat].[localhost]          ] : Exception Processing /api/currency/exchange

java.lang.RuntimeException: Must set 'realm' in config
	at org.keycloak.adapters.KeycloakDeploymentBuilder.internalBuild(KeycloakDeploymentBuilder.java:58)
	at org.keycloak.adapters.KeycloakDeploymentBuilder.build(KeycloakDeploymentBuilder.java:205)
	at org.keycloak.adapters.springboot.KeycloakSpringBootConfigResolver.resolve(KeycloakSpringBootConfigResolver.java:41)
	at org.keycloak.adapters.springsecurity.config.KeycloakSpringConfigResolverWrapper.resolve(KeycloakSpringConfigResolverWrapper.java:40)
	at org.keycloak.adapters.AdapterDeploymentContext.resolveDeployment(AdapterDeploymentContext.java:89)
	at org.keycloak.adapters.PreAuthActionsHandler.preflightCors(PreAuthActionsHandler.java:100)
	at org.keycloak.adapters.PreAuthActionsHandler.handleRequest(PreAuthActionsHandler.java:75)
	at org.keycloak.adapters.tomcat.AbstractKeycloakAuthenticatorValve.invoke(AbstractKeycloakAuthenticatorValve.java:177)
	at org.apache.catalina.core.StandardHostValve.invoke(StandardHostValve.java:135)
	at org.apache.catalina.valves.ErrorReportValve.invoke(ErrorReportValve.java:92)
	at org.apache.catalina.core.StandardEngineValve.invoke(StandardEngineValve.java:78)
	at org.apache.catalina.connector.CoyoteAdapter.service(CoyoteAdapter.java:360)
	at org.apache.coyote.http11.Http11Processor.service(Http11Processor.java:399)
	at org.apache.coyote.AbstractProcessorLight.process(AbstractProcessorLight.java:65)
	at org.apache.coyote.AbstractProtocol$ConnectionHandler.process(AbstractProtocol.java:891)
	at org.apache.tomcat.util.net.NioEndpoint$SocketProcessor.doRun(NioEndpoint.java:1784)
	at org.apache.tomcat.util.net.SocketProcessorBase.run(SocketProcessorBase.java:49)
	at org.apache.tomcat.util.threads.ThreadPoolExecutor.runWorker(ThreadPoolExecutor.java:1191)
	at org.apache.tomcat.util.threads.ThreadPoolExecutor$Worker.run(ThreadPoolExecutor.java:659)
	at org.apache.tomcat.util.threads.TaskThread$WrappingRunnable.run(TaskThread.java:61)
	at java.base/java.lang.Thread.run(Thread.java:833)

2023-03-22 10:32:45.215-0400 [http-nio-8008-exec-3] ERROR 23103 --- [o.a.c.c.C.[Tomcat].[localhost]          ] : Exception Processing /api/currency/exchange

java.lang.RuntimeException: Must set 'realm' in config
	at org.keycloak.adapters.KeycloakDeploymentBuilder.internalBuild(KeycloakDeploymentBuilder.java:58)
	at org.keycloak.adapters.KeycloakDeploymentBuilder.build(KeycloakDeploymentBuilder.java:205)
	at org.keycloak.adapters.springboot.KeycloakSpringBootConfigResolver.resolve(KeycloakSpringBootConfigResolver.java:41)
	at org.keycloak.adapters.springsecurity.config.KeycloakSpringConfigResolverWrapper.resolve(KeycloakSpringConfigResolverWrapper.java:40)
	at org.keycloak.adapters.AdapterDeploymentContext.resolveDeployment(AdapterDeploymentContext.java:89)
	at org.keycloak.adapters.PreAuthActionsHandler.preflightCors(PreAuthActionsHandler.java:100)
	at org.keycloak.adapters.PreAuthActionsHandler.handleRequest(PreAuthActionsHandler.java:75)
	at org.keycloak.adapters.tomcat.AbstractKeycloakAuthenticatorValve.invoke(AbstractKeycloakAuthenticatorValve.java:177)
	at org.apache.catalina.core.StandardHostValve.invoke(StandardHostValve.java:135)
	at org.apache.catalina.valves.ErrorReportValve.invoke(ErrorReportValve.java:92)
	at org.apache.catalina.core.StandardEngineValve.invoke(StandardEngineValve.java:78)
	at org.apache.catalina.connector.CoyoteAdapter.service(CoyoteAdapter.java:360)
	at org.apache.coyote.http11.Http11Processor.service(Http11Processor.java:399)
	at org.apache.coyote.AbstractProcessorLight.process(AbstractProcessorLight.java:65)
	at org.apache.coyote.AbstractProtocol$ConnectionHandler.process(AbstractProtocol.java:891)
	at org.apache.tomcat.util.net.NioEndpoint$SocketProcessor.doRun(NioEndpoint.java:1784)
	at org.apache.tomcat.util.net.SocketProcessorBase.run(SocketProcessorBase.java:49)
	at org.apache.tomcat.util.threads.ThreadPoolExecutor.runWorker(ThreadPoolExecutor.java:1191)
	at org.apache.tomcat.util.threads.ThreadPoolExecutor$Worker.run(ThreadPoolExecutor.java:659)
	at org.apache.tomcat.util.threads.TaskThread$WrappingRunnable.run(TaskThread.java:61)
	at java.base/java.lang.Thread.run(Thread.java:833)

2023-03-22 10:32:46.968-0400 [http-nio-8008-exec-4] ERROR 23103 --- [o.a.c.c.C.[Tomcat].[localhost]          ] : Exception Processing /api/currency/exchange

java.lang.RuntimeException: Must set 'realm' in config
	at org.keycloak.adapters.KeycloakDeploymentBuilder.internalBuild(KeycloakDeploymentBuilder.java:58)
	at org.keycloak.adapters.KeycloakDeploymentBuilder.build(KeycloakDeploymentBuilder.java:205)
	at org.keycloak.adapters.springboot.KeycloakSpringBootConfigResolver.resolve(KeycloakSpringBootConfigResolver.java:41)
	at org.keycloak.adapters.springsecurity.config.KeycloakSpringConfigResolverWrapper.resolve(KeycloakSpringConfigResolverWrapper.java:40)
	at org.keycloak.adapters.AdapterDeploymentContext.resolveDeployment(AdapterDeploymentContext.java:89)
	at org.keycloak.adapters.PreAuthActionsHandler.preflightCors(PreAuthActionsHandler.java:100)
	at org.keycloak.adapters.PreAuthActionsHandler.handleRequest(PreAuthActionsHandler.java:75)
	at org.keycloak.adapters.tomcat.AbstractKeycloakAuthenticatorValve.invoke(AbstractKeycloakAuthenticatorValve.java:177)
	at org.apache.catalina.core.StandardHostValve.invoke(StandardHostValve.java:135)
	at org.apache.catalina.valves.ErrorReportValve.invoke(ErrorReportValve.java:92)
	at org.apache.catalina.core.StandardEngineValve.invoke(StandardEngineValve.java:78)
	at org.apache.catalina.connector.CoyoteAdapter.service(CoyoteAdapter.java:360)
	at org.apache.coyote.http11.Http11Processor.service(Http11Processor.java:399)
	at org.apache.coyote.AbstractProcessorLight.process(AbstractProcessorLight.java:65)
	at org.apache.coyote.AbstractProtocol$ConnectionHandler.process(AbstractProtocol.java:891)
	at org.apache.tomcat.util.net.NioEndpoint$SocketProcessor.doRun(NioEndpoint.java:1784)
	at org.apache.tomcat.util.net.SocketProcessorBase.run(SocketProcessorBase.java:49)
	at org.apache.tomcat.util.threads.ThreadPoolExecutor.runWorker(ThreadPoolExecutor.java:1191)
	at org.apache.tomcat.util.threads.ThreadPoolExecutor$Worker.run(ThreadPoolExecutor.java:659)
	at org.apache.tomcat.util.threads.TaskThread$WrappingRunnable.run(TaskThread.java:61)
	at java.base/java.lang.Thread.run(Thread.java:833)

2023-03-22 10:33:30.593-0400 [http-nio-8008-exec-5] ERROR 23103 --- [o.a.c.c.C.[Tomcat].[localhost]          ] : Exception Processing /api/currency/exchange

java.lang.RuntimeException: Must set 'realm' in config
	at org.keycloak.adapters.KeycloakDeploymentBuilder.internalBuild(KeycloakDeploymentBuilder.java:58)
	at org.keycloak.adapters.KeycloakDeploymentBuilder.build(KeycloakDeploymentBuilder.java:205)
	at org.keycloak.adapters.springboot.KeycloakSpringBootConfigResolver.resolve(KeycloakSpringBootConfigResolver.java:41)
	at org.keycloak.adapters.springsecurity.config.KeycloakSpringConfigResolverWrapper.resolve(KeycloakSpringConfigResolverWrapper.java:40)
	at org.keycloak.adapters.AdapterDeploymentContext.resolveDeployment(AdapterDeploymentContext.java:89)
	at org.keycloak.adapters.PreAuthActionsHandler.preflightCors(PreAuthActionsHandler.java:100)
	at org.keycloak.adapters.PreAuthActionsHandler.handleRequest(PreAuthActionsHandler.java:75)
	at org.keycloak.adapters.tomcat.AbstractKeycloakAuthenticatorValve.invoke(AbstractKeycloakAuthenticatorValve.java:177)
	at org.apache.catalina.core.StandardHostValve.invoke(StandardHostValve.java:135)
	at org.apache.catalina.valves.ErrorReportValve.invoke(ErrorReportValve.java:92)
	at org.apache.catalina.core.StandardEngineValve.invoke(StandardEngineValve.java:78)
	at org.apache.catalina.connector.CoyoteAdapter.service(CoyoteAdapter.java:360)
	at org.apache.coyote.http11.Http11Processor.service(Http11Processor.java:399)
	at org.apache.coyote.AbstractProcessorLight.process(AbstractProcessorLight.java:65)
	at org.apache.coyote.AbstractProtocol$ConnectionHandler.process(AbstractProtocol.java:891)
	at org.apache.tomcat.util.net.NioEndpoint$SocketProcessor.doRun(NioEndpoint.java:1784)
	at org.apache.tomcat.util.net.SocketProcessorBase.run(SocketProcessorBase.java:49)
	at org.apache.tomcat.util.threads.ThreadPoolExecutor.runWorker(ThreadPoolExecutor.java:1191)
	at org.apache.tomcat.util.threads.ThreadPoolExecutor$Worker.run(ThreadPoolExecutor.java:659)
	at org.apache.tomcat.util.threads.TaskThread$WrappingRunnable.run(TaskThread.java:61)
	at java.base/java.lang.Thread.run(Thread.java:833)

2023-03-22 10:34:08.142-0400 [SpringApplicationShutdownHook]  INFO 23103 --- [j.LocalContainerEntityManagerFactoryBean] : Closing JPA EntityManagerFactory for persistence unit 'default'
2023-03-22 10:35:33.204-0400 [main]  INFO 26084 --- [a.s.c.CurrencyConverterApplicationKt    ] : Starting CurrencyConverterApplicationKt using Java 17.0.5 on ale-Satellite-M645 with PID 26084 (/home/ale/Documents/ArquitecturaSoftware/currency-converter/target/classes started by root in /home/ale/Documents/ArquitecturaSoftware/currency-converter)
2023-03-22 10:35:33.209-0400 [main]  INFO 26084 --- [a.s.c.CurrencyConverterApplicationKt    ] : No active profile set, falling back to 1 default profile: "default"
2023-03-22 10:35:35.556-0400 [main]  INFO 26084 --- [.s.d.r.c.RepositoryConfigurationDelegate] : Bootstrapping Spring Data JPA repositories in DEFAULT mode.
2023-03-22 10:35:35.774-0400 [main]  INFO 26084 --- [.s.d.r.c.RepositoryConfigurationDelegate] : Finished Spring Data repository scanning in 163 ms. Found 1 JPA repository interfaces.
2023-03-22 10:35:37.858-0400 [main]  INFO 26084 --- [o.s.b.w.embedded.tomcat.TomcatWebServer ] : Tomcat initialized with port(s): 8008 (http)
2023-03-22 10:35:37.893-0400 [main]  INFO 26084 --- [o.apache.catalina.core.StandardService  ] : Starting service [Tomcat]
2023-03-22 10:35:37.898-0400 [main]  INFO 26084 --- [org.apache.catalina.core.StandardEngine ] : Starting Servlet engine: [Apache Tomcat/9.0.71]
2023-03-22 10:35:38.136-0400 [main]  INFO 26084 --- [o.a.c.c.C.[Tomcat].[localhost].[/]      ] : Initializing Spring embedded WebApplicationContext
2023-03-22 10:35:38.138-0400 [main]  INFO 26084 --- [w.s.c.ServletWebServerApplicationContext] : Root WebApplicationContext: initialization completed in 4737 ms
2023-03-22 10:35:38.638-0400 [main]  INFO 26084 --- [o.hibernate.jpa.internal.util.LogHelper ] : HHH000204: Processing PersistenceUnitInfo [name: default]
2023-03-22 10:35:38.761-0400 [main]  INFO 26084 --- [org.hibernate.Version                   ] : HHH000412: Hibernate ORM core version 5.6.15.Final
2023-03-22 10:35:39.063-0400 [main]  INFO 26084 --- [o.hibernate.annotations.common.Version  ] : HCANN000001: Hibernate Commons Annotations {5.1.2.Final}
2023-03-22 10:35:39.756-0400 [main]  INFO 26084 --- [org.hibernate.dialect.Dialect           ] : HHH000400: Using dialect: org.hibernate.dialect.PostgreSQL10Dialect
2023-03-22 10:35:40.701-0400 [main]  INFO 26084 --- [o.h.e.t.j.p.i.JtaPlatformInitiator      ] : HHH000490: Using JtaPlatform implementation: [org.hibernate.engine.transaction.jta.platform.internal.NoJtaPlatform]
2023-03-22 10:35:40.732-0400 [main]  INFO 26084 --- [j.LocalContainerEntityManagerFactoryBean] : Initialized JPA EntityManagerFactory for persistence unit 'default'
2023-03-22 10:35:41.608-0400 [main]  WARN 26084 --- [JpaBaseConfiguration$JpaWebConfiguration] : spring.jpa.open-in-view is enabled by default. Therefore, database queries may be performed during view rendering. Explicitly configure spring.jpa.open-in-view to disable this warning
2023-03-22 10:35:43.114-0400 [main]  INFO 26084 --- [o.s.b.w.embedded.tomcat.TomcatWebServer ] : Tomcat started on port(s): 8008 (http) with context path ''
2023-03-22 10:35:43.131-0400 [main]  INFO 26084 --- [a.s.c.CurrencyConverterApplicationKt    ] : Started CurrencyConverterApplicationKt in 11.54 seconds (JVM running for 13.035)
2023-03-22 10:35:53.412-0400 [http-nio-8008-exec-1] ERROR 26084 --- [o.a.c.c.C.[Tomcat].[localhost]          ] : Exception Processing /api/currency/paginas

java.lang.RuntimeException: Must set 'realm' in config
	at org.keycloak.adapters.KeycloakDeploymentBuilder.internalBuild(KeycloakDeploymentBuilder.java:58)
	at org.keycloak.adapters.KeycloakDeploymentBuilder.build(KeycloakDeploymentBuilder.java:205)
	at org.keycloak.adapters.springboot.KeycloakSpringBootConfigResolver.resolve(KeycloakSpringBootConfigResolver.java:41)
	at org.keycloak.adapters.springsecurity.config.KeycloakSpringConfigResolverWrapper.resolve(KeycloakSpringConfigResolverWrapper.java:40)
	at org.keycloak.adapters.AdapterDeploymentContext.resolveDeployment(AdapterDeploymentContext.java:89)
	at org.keycloak.adapters.PreAuthActionsHandler.preflightCors(PreAuthActionsHandler.java:100)
	at org.keycloak.adapters.PreAuthActionsHandler.handleRequest(PreAuthActionsHandler.java:75)
	at org.keycloak.adapters.tomcat.AbstractKeycloakAuthenticatorValve.invoke(AbstractKeycloakAuthenticatorValve.java:177)
	at org.apache.catalina.core.StandardHostValve.invoke(StandardHostValve.java:135)
	at org.apache.catalina.valves.ErrorReportValve.invoke(ErrorReportValve.java:92)
	at org.apache.catalina.core.StandardEngineValve.invoke(StandardEngineValve.java:78)
	at org.apache.catalina.connector.CoyoteAdapter.service(CoyoteAdapter.java:360)
	at org.apache.coyote.http11.Http11Processor.service(Http11Processor.java:399)
	at org.apache.coyote.AbstractProcessorLight.process(AbstractProcessorLight.java:65)
	at org.apache.coyote.AbstractProtocol$ConnectionHandler.process(AbstractProtocol.java:891)
	at org.apache.tomcat.util.net.NioEndpoint$SocketProcessor.doRun(NioEndpoint.java:1784)
	at org.apache.tomcat.util.net.SocketProcessorBase.run(SocketProcessorBase.java:49)
	at org.apache.tomcat.util.threads.ThreadPoolExecutor.runWorker(ThreadPoolExecutor.java:1191)
	at org.apache.tomcat.util.threads.ThreadPoolExecutor$Worker.run(ThreadPoolExecutor.java:659)
	at org.apache.tomcat.util.threads.TaskThread$WrappingRunnable.run(TaskThread.java:61)
	at java.base/java.lang.Thread.run(Thread.java:833)

2023-03-22 10:35:53.528-0400 [http-nio-8008-exec-1]  INFO 26084 --- [o.a.c.c.C.[Tomcat].[localhost].[/]      ] : Initializing Spring DispatcherServlet 'dispatcherServlet'
2023-03-22 10:35:53.529-0400 [http-nio-8008-exec-1]  INFO 26084 --- [o.s.web.servlet.DispatcherServlet       ] : Initializing Servlet 'dispatcherServlet'
2023-03-22 10:35:53.532-0400 [http-nio-8008-exec-1]  INFO 26084 --- [o.s.web.servlet.DispatcherServlet       ] : Completed initialization in 3 ms
2023-03-22 10:36:31.839-0400 [SpringApplicationShutdownHook]  INFO 26084 --- [j.LocalContainerEntityManagerFactoryBean] : Closing JPA EntityManagerFactory for persistence unit 'default'
2023-03-22 10:37:06.519-0400 [main]  INFO 27080 --- [a.s.c.CurrencyConverterApplicationKt    ] : Starting CurrencyConverterApplicationKt using Java 17.0.5 on ale-Satellite-M645 with PID 27080 (/home/ale/Documents/ArquitecturaSoftware/currency-converter/target/classes started by root in /home/ale/Documents/ArquitecturaSoftware/currency-converter)
2023-03-22 10:37:06.524-0400 [main]  INFO 27080 --- [a.s.c.CurrencyConverterApplicationKt    ] : No active profile set, falling back to 1 default profile: "default"
2023-03-22 10:37:07.938-0400 [main]  INFO 27080 --- [.s.d.r.c.RepositoryConfigurationDelegate] : Bootstrapping Spring Data JPA repositories in DEFAULT mode.
2023-03-22 10:37:08.047-0400 [main]  INFO 27080 --- [.s.d.r.c.RepositoryConfigurationDelegate] : Finished Spring Data repository scanning in 84 ms. Found 1 JPA repository interfaces.
2023-03-22 10:37:09.397-0400 [main]  INFO 27080 --- [o.s.b.w.embedded.tomcat.TomcatWebServer ] : Tomcat initialized with port(s): 8008 (http)
2023-03-22 10:37:09.413-0400 [main]  INFO 27080 --- [o.apache.catalina.core.StandardService  ] : Starting service [Tomcat]
2023-03-22 10:37:09.414-0400 [main]  INFO 27080 --- [org.apache.catalina.core.StandardEngine ] : Starting Servlet engine: [Apache Tomcat/9.0.71]
2023-03-22 10:37:09.541-0400 [main]  INFO 27080 --- [o.a.c.c.C.[Tomcat].[localhost].[/]      ] : Initializing Spring embedded WebApplicationContext
2023-03-22 10:37:09.542-0400 [main]  INFO 27080 --- [w.s.c.ServletWebServerApplicationContext] : Root WebApplicationContext: initialization completed in 2884 ms
2023-03-22 10:37:09.918-0400 [main]  INFO 27080 --- [o.hibernate.jpa.internal.util.LogHelper ] : HHH000204: Processing PersistenceUnitInfo [name: default]
2023-03-22 10:37:10.022-0400 [main]  INFO 27080 --- [org.hibernate.Version                   ] : HHH000412: Hibernate ORM core version 5.6.15.Final
2023-03-22 10:37:10.269-0400 [main]  INFO 27080 --- [o.hibernate.annotations.common.Version  ] : HCANN000001: Hibernate Commons Annotations {5.1.2.Final}
2023-03-22 10:37:10.698-0400 [main]  INFO 27080 --- [org.hibernate.dialect.Dialect           ] : HHH000400: Using dialect: org.hibernate.dialect.PostgreSQL10Dialect
2023-03-22 10:37:11.439-0400 [main]  INFO 27080 --- [o.h.e.t.j.p.i.JtaPlatformInitiator      ] : HHH000490: Using JtaPlatform implementation: [org.hibernate.engine.transaction.jta.platform.internal.NoJtaPlatform]
2023-03-22 10:37:11.457-0400 [main]  INFO 27080 --- [j.LocalContainerEntityManagerFactoryBean] : Initialized JPA EntityManagerFactory for persistence unit 'default'
2023-03-22 10:37:12.119-0400 [main]  WARN 27080 --- [JpaBaseConfiguration$JpaWebConfiguration] : spring.jpa.open-in-view is enabled by default. Therefore, database queries may be performed during view rendering. Explicitly configure spring.jpa.open-in-view to disable this warning
2023-03-22 10:37:13.571-0400 [main]  INFO 27080 --- [o.s.b.w.embedded.tomcat.TomcatWebServer ] : Tomcat started on port(s): 8008 (http) with context path ''
2023-03-22 10:37:13.595-0400 [main]  INFO 27080 --- [a.s.c.CurrencyConverterApplicationKt    ] : Started CurrencyConverterApplicationKt in 8.117 seconds (JVM running for 8.883)
2023-03-22 10:37:24.595-0400 [http-nio-8008-exec-1]  INFO 27080 --- [o.keycloak.adapters.KeycloakDeployment  ] : Loaded URLs from http://localhost:8080/realms/software/.well-known/openid-configuration
2023-03-22 10:52:44.370-0400 [SpringApplicationShutdownHook]  INFO 27080 --- [j.LocalContainerEntityManagerFactoryBean] : Closing JPA EntityManagerFactory for persistence unit 'default'
2023-03-22 23:35:22.734-0400 [main]  INFO 7781 --- [a.s.c.CurrencyConverterApplicationKt    ] : Starting CurrencyConverterApplicationKt using Java 17.0.5 on ale-Satellite-M645 with PID 7781 (/home/ale/Documents/ArquitecturaSoftware/currency-converter/target/classes started by root in /home/ale/Documents/ArquitecturaSoftware/currency-converter)
2023-03-22 23:35:22.766-0400 [main]  INFO 7781 --- [a.s.c.CurrencyConverterApplicationKt    ] : No active profile set, falling back to 1 default profile: "default"
2023-03-22 23:35:25.164-0400 [main]  INFO 7781 --- [.s.d.r.c.RepositoryConfigurationDelegate] : Bootstrapping Spring Data JPA repositories in DEFAULT mode.
2023-03-22 23:35:25.274-0400 [main]  INFO 7781 --- [.s.d.r.c.RepositoryConfigurationDelegate] : Finished Spring Data repository scanning in 77 ms. Found 1 JPA repository interfaces.
2023-03-22 23:35:27.563-0400 [main]  INFO 7781 --- [o.s.b.w.embedded.tomcat.TomcatWebServer ] : Tomcat initialized with port(s): 8008 (http)
2023-03-22 23:35:27.604-0400 [main]  INFO 7781 --- [o.apache.catalina.core.StandardService  ] : Starting service [Tomcat]
2023-03-22 23:35:27.605-0400 [main]  INFO 7781 --- [org.apache.catalina.core.StandardEngine ] : Starting Servlet engine: [Apache Tomcat/9.0.71]
2023-03-22 23:35:27.771-0400 [main]  INFO 7781 --- [o.a.c.c.C.[Tomcat].[localhost].[/]      ] : Initializing Spring embedded WebApplicationContext
2023-03-22 23:35:27.771-0400 [main]  INFO 7781 --- [w.s.c.ServletWebServerApplicationContext] : Root WebApplicationContext: initialization completed in 4720 ms
2023-03-22 23:35:28.438-0400 [main]  INFO 7781 --- [o.hibernate.jpa.internal.util.LogHelper ] : HHH000204: Processing PersistenceUnitInfo [name: default]
2023-03-22 23:35:28.679-0400 [main]  INFO 7781 --- [org.hibernate.Version                   ] : HHH000412: Hibernate ORM core version 5.6.15.Final
2023-03-22 23:35:29.164-0400 [main]  INFO 7781 --- [o.hibernate.annotations.common.Version  ] : HCANN000001: Hibernate Commons Annotations {5.1.2.Final}
2023-03-22 23:35:30.354-0400 [main]  INFO 7781 --- [org.hibernate.dialect.Dialect           ] : HHH000400: Using dialect: org.hibernate.dialect.PostgreSQL10Dialect
2023-03-22 23:35:32.394-0400 [main]  INFO 7781 --- [o.h.e.t.j.p.i.JtaPlatformInitiator      ] : HHH000490: Using JtaPlatform implementation: [org.hibernate.engine.transaction.jta.platform.internal.NoJtaPlatform]
2023-03-22 23:35:32.432-0400 [main]  INFO 7781 --- [j.LocalContainerEntityManagerFactoryBean] : Initialized JPA EntityManagerFactory for persistence unit 'default'
2023-03-22 23:35:33.199-0400 [main]  WARN 7781 --- [JpaBaseConfiguration$JpaWebConfiguration] : spring.jpa.open-in-view is enabled by default. Therefore, database queries may be performed during view rendering. Explicitly configure spring.jpa.open-in-view to disable this warning
2023-03-22 23:35:34.752-0400 [main]  INFO 7781 --- [o.s.b.w.embedded.tomcat.TomcatWebServer ] : Tomcat started on port(s): 8008 (http) with context path ''
2023-03-22 23:35:34.778-0400 [main]  INFO 7781 --- [a.s.c.CurrencyConverterApplicationKt    ] : Started CurrencyConverterApplicationKt in 14.366 seconds (JVM running for 15.927)
2023-03-22 23:47:11.033-0400 [http-nio-8008-exec-1]  INFO 7781 --- [o.a.c.c.C.[Tomcat].[localhost].[/]      ] : Initializing Spring DispatcherServlet 'dispatcherServlet'
2023-03-22 23:47:11.034-0400 [http-nio-8008-exec-1]  INFO 7781 --- [o.s.web.servlet.DispatcherServlet       ] : Initializing Servlet 'dispatcherServlet'
2023-03-22 23:47:11.036-0400 [http-nio-8008-exec-1]  INFO 7781 --- [o.s.web.servlet.DispatcherServlet       ] : Completed initialization in 2 ms
