2023-03-21 12:47:11.932-0400 [main]  INFO 8664 --- [a.s.c.CurrencyConverterApplicationKt    ] : Starting CurrencyConverterApplicationKt using Java 17.0.5 on ale-Satellite-M645 with PID 8664 (/home/ale/Documents/ArquitecturaSoftware/currency-converter/target/classes started by root in /home/ale/Documents/ArquitecturaSoftware/currency-converter)
2023-03-21 12:47:11.938-0400 [main]  INFO 8664 --- [a.s.c.CurrencyConverterApplicationKt    ] : No active profile set, falling back to 1 default profile: "default"
2023-03-21 12:47:14.192-0400 [main]  INFO 8664 --- [.s.d.r.c.RepositoryConfigurationDelegate] : Bootstrapping Spring Data JPA repositories in DEFAULT mode.
2023-03-21 12:47:14.291-0400 [main]  INFO 8664 --- [.s.d.r.c.RepositoryConfigurationDelegate] : Finished Spring Data repository scanning in 68 ms. Found 1 JPA repository interfaces.
2023-03-21 12:47:16.488-0400 [main]  INFO 8664 --- [o.s.b.w.embedded.tomcat.TomcatWebServer ] : Tomcat initialized with port(s): 8008 (http)
2023-03-21 12:47:16.530-0400 [main]  INFO 8664 --- [o.apache.catalina.core.StandardService  ] : Starting service [Tomcat]
2023-03-21 12:47:16.530-0400 [main]  INFO 8664 --- [org.apache.catalina.core.StandardEngine ] : Starting Servlet engine: [Apache Tomcat/9.0.71]
2023-03-21 12:47:16.680-0400 [main]  INFO 8664 --- [o.a.c.c.C.[Tomcat].[localhost].[/]      ] : Initializing Spring embedded WebApplicationContext
2023-03-21 12:47:16.680-0400 [main]  INFO 8664 --- [w.s.c.ServletWebServerApplicationContext] : Root WebApplicationContext: initialization completed in 4566 ms
2023-03-21 12:47:17.476-0400 [main]  INFO 8664 --- [o.hibernate.jpa.internal.util.LogHelper ] : HHH000204: Processing PersistenceUnitInfo [name: default]
2023-03-21 12:47:17.727-0400 [main]  INFO 8664 --- [org.hibernate.Version                   ] : HHH000412: Hibernate ORM core version 5.6.15.Final
2023-03-21 12:47:18.186-0400 [main]  INFO 8664 --- [o.hibernate.annotations.common.Version  ] : HCANN000001: Hibernate Commons Annotations {5.1.2.Final}
2023-03-21 12:47:19.405-0400 [main]  INFO 8664 --- [org.hibernate.dialect.Dialect           ] : HHH000400: Using dialect: org.hibernate.dialect.PostgreSQL10Dialect
2023-03-21 12:47:21.554-0400 [main]  INFO 8664 --- [o.h.e.t.j.p.i.JtaPlatformInitiator      ] : HHH000490: Using JtaPlatform implementation: [org.hibernate.engine.transaction.jta.platform.internal.NoJtaPlatform]
2023-03-21 12:47:21.592-0400 [main]  INFO 8664 --- [j.LocalContainerEntityManagerFactoryBean] : Initialized JPA EntityManagerFactory for persistence unit 'default'
2023-03-21 12:47:22.414-0400 [main]  WARN 8664 --- [JpaBaseConfiguration$JpaWebConfiguration] : spring.jpa.open-in-view is enabled by default. Therefore, database queries may be performed during view rendering. Explicitly configure spring.jpa.open-in-view to disable this warning
2023-03-21 12:47:23.934-0400 [main]  INFO 8664 --- [o.s.b.w.embedded.tomcat.TomcatWebServer ] : Tomcat started on port(s): 8008 (http) with context path ''
2023-03-21 12:47:23.952-0400 [main]  INFO 8664 --- [a.s.c.CurrencyConverterApplicationKt    ] : Started CurrencyConverterApplicationKt in 14.509 seconds (JVM running for 15.722)
2023-03-21 12:49:27.870-0400 [http-nio-8008-exec-1]  INFO 8664 --- [o.a.c.c.C.[Tomcat].[localhost].[/]      ] : Initializing Spring DispatcherServlet 'dispatcherServlet'
2023-03-21 12:49:27.871-0400 [http-nio-8008-exec-1]  INFO 8664 --- [o.s.web.servlet.DispatcherServlet       ] : Initializing Servlet 'dispatcherServlet'
2023-03-21 12:49:27.874-0400 [http-nio-8008-exec-1]  INFO 8664 --- [o.s.web.servlet.DispatcherServlet       ] : Completed initialization in 3 ms
2023-03-21 13:16:31.869-0400 [SpringApplicationShutdownHook]  INFO 8664 --- [j.LocalContainerEntityManagerFactoryBean] : Closing JPA EntityManagerFactory for persistence unit 'default'
